
          /\      |‾‾| /‾‾/   /‾‾/
     /\  /  \     |  |/  /   /  /
    /  \/    \    |     (   /   ‾‾\
   /          \   |  |\  \ |  (‾)  |
  / __________ \  |__| \__\ \_____/ .io

  execution: local
     script: smoke.js
     output: -

  scenarios: (100.00%) 1 scenario, 1 max VUs, 40s max duration (incl. graceful stop):
           * default: 1 looping VUs for 10s (gracefulStop: 30s)

WARN[0000] error getting terminal size                   error="The handle is invalid."

running (11.0s), 0/1 VUs, 10 complete and 0 interrupted iterations
default ✓ [======================================] 1 VUs  10s

     ✓ find path

     checks.........................: 100.00% ✓ 10       ✗ 0
     data_received..................: 34 kB   3.1 kB/s
     data_sent......................: 1.5 kB  133 B/s
     http_req_blocked...............: avg=1.4ms    min=0s      med=0s       max=14ms     p(90)=1.4ms    p(95)=7.7ms
     http_req_connecting............: avg=300.27µs min=0s      med=0s       max=3ms      p(90)=300.27µs p(95)=1.65ms
   ✓ http_req_duration..............: avg=86.39ms  min=80.05ms med=81.74ms  max=117.73ms p(90)=92.08ms  p(95)=104.9ms
       { expected_response:true }...: avg=86.39ms  min=80.05ms med=81.74ms  max=117.73ms p(90)=92.08ms  p(95)=104.9ms
     http_req_failed................: 0.00%   ✓ 0        ✗ 10
     http_req_receiving.............: avg=501.64µs min=0s      med=482.15µs max=1.04ms   p(90)=1ms      p(95)=1.02ms
     http_req_sending...............: avg=0s       min=0s      med=0s       max=0s       p(90)=0s       p(95)=0s
     http_req_tls_handshaking.......: avg=0s       min=0s      med=0s       max=0s       p(90)=0s       p(95)=0s
     http_req_waiting...............: avg=85.89ms  min=79.05ms med=81.74ms  max=116.68ms p(90)=91.86ms  p(95)=104.27ms
     http_reqs......................: 10      0.910696/s
     iteration_duration.............: avg=1.09s    min=1.08s   med=1.09s    max=1.14s    p(90)=1.1s     p(95)=1.12s
     iterations.....................: 10      0.910696/s
     vus............................: 1       min=1      max=1
     vus_max........................: 1       min=1      max=1
