          /\      |‾‾| /‾‾/   /‾‾/
     /\  /  \     |  |/  /   /  /
    /  \/    \    |     (   /   ‾‾\
   /          \   |  |\  \ |  (‾)  |
  / __________ \  |__| \__\ \_____/ .io

  execution: local
     script: load.js
     output: -

  scenarios: (100.00%) 1 scenario, 300 max VUs, 1m0s max duration (incl. graceful stop):
           * default: Up to 300 looping VUs for 30s over 4 stages (gracefulRampDown: 30s, gracefulStop: 30s)

WARN[0000] error getting terminal size                   error="The handle is invalid."

running (0m30.9s), 000/300 VUs, 5698 complete and 0 interrupted iterations
default ✓ [======================================] 000/300 VUs  30s

     ✓ find path

     checks.........................: 100.00% ✓ 5698       ✗ 0
     data_received..................: 553 kB  18 kB/s
     data_sent......................: 832 kB  27 kB/s
     http_req_blocked...............: avg=225.14µs min=0s     med=0s     max=23.54ms p(90)=0s      p(95)=2.62ms
     http_req_connecting............: avg=212.96µs min=0s     med=0s     max=23.44ms p(90)=0s      p(95)=2.51ms
   ✓ http_req_duration..............: avg=7.87ms   min=3.51ms med=6.93ms max=34.95ms p(90)=10.8ms  p(95)=13.67ms
       { expected_response:true }...: avg=7.87ms   min=3.51ms med=6.93ms max=34.95ms p(90)=10.8ms  p(95)=13.67ms
     http_req_failed................: 0.00%   ✓ 0          ✗ 5698
     http_req_receiving.............: avg=115.6µs  min=0s     med=0s     max=1.1ms   p(90)=515.1µs p(95)=734.47µs
     http_req_sending...............: avg=17.12µs  min=0s     med=0s     max=1.08ms  p(90)=0s      p(95)=0s
     http_req_tls_handshaking.......: avg=0s       min=0s     med=0s     max=0s      p(90)=0s      p(95)=0s
     http_req_waiting...............: avg=7.73ms   min=3.51ms med=6.81ms max=34.95ms p(90)=10.65ms p(95)=13.41ms
     http_reqs......................: 5698    184.244731/s
     iteration_duration.............: avg=1.01s    min=1s     med=1.01s  max=1.04s   p(90)=1.01s   p(95)=1.02s
     iterations.....................: 5698    184.244731/s
     vus............................: 32      min=10       max=300
     vus_max........................: 300     min=300      max=300
