
          /\      |‾‾| /‾‾/   /‾‾/
     /\  /  \     |  |/  /   /  /
    /  \/    \    |     (   /   ‾‾\
   /          \   |  |\  \ |  (‾)  |
  / __________ \  |__| \__\ \_____/ .io

  execution: local
     script: stress.js
     output: -

  scenarios: (100.00%) 1 scenario, 400 max VUs, 1m45s max duration (incl. graceful stop):
           * default: Up to 400 looping VUs for 1m15s over 11 stages (gracefulRampDown: 30s, gracefulStop: 30s)

WARN[0000] error getting terminal size                   error="The handle is invalid."

running (1m15.8s), 000/400 VUs, 11299 complete and 0 interrupted iterations
default ✓ [======================================] 000/400 VUs  1m15s

     ✓ find path

     checks.........................: 100.00% ✓ 11299      ✗ 0
     data_received..................: 1.1 MB  15 kB/s
     data_sent......................: 1.6 MB  22 kB/s
     http_req_blocked...............: avg=157.61µs min=0s     med=0s     max=22.64ms p(90)=0s       p(95)=0s
     http_req_connecting............: avg=143.82µs min=0s     med=0s     max=22.64ms p(90)=0s       p(95)=0s
   ✓ http_req_duration..............: avg=7.2ms    min=3.05ms med=6.36ms max=39.52ms p(90)=9.66ms   p(95)=13.55ms
       { expected_response:true }...: avg=7.2ms    min=3.05ms med=6.36ms max=39.52ms p(90)=9.66ms   p(95)=13.55ms
     http_req_failed................: 0.00%   ✓ 0          ✗ 11299
     http_req_receiving.............: avg=81.63µs  min=0s     med=0s     max=1.33ms  p(90)=362.98µs p(95)=538.02µs
     http_req_sending...............: avg=22.29µs  min=0s     med=0s     max=2.85ms  p(90)=0s       p(95)=81.74µs
     http_req_tls_handshaking.......: avg=0s       min=0s     med=0s     max=0s      p(90)=0s       p(95)=0s
     http_req_waiting...............: avg=7.1ms    min=2.85ms med=6.26ms max=39.46ms p(90)=9.57ms   p(95)=13.49ms
     http_reqs......................: 11299   149.092934/s
     iteration_duration.............: avg=1.01s    min=1s     med=1.01s  max=1.05s   p(90)=1.01s    p(95)=1.02s
     iterations.....................: 11299   149.092934/s
     vus............................: 21      min=10       max=400
     vus_max........................: 400     min=400      max=400
