
          /\      |‾‾| /‾‾/   /‾‾/   
     /\  /  \     |  |/  /   /  /    
    /  \/    \    |     (   /   ‾‾\  
   /          \   |  |\  \ |  (‾)  | 
  / __________ \  |__| \__\ \_____/ .io

  execution: local
     script: ./check/main_smoke.js
     output: -

  scenarios: (100.00%) 1 scenario, 1 max VUs, 1m30s max duration (incl. graceful stop):
           * default: 1 looping VUs for 1m0s (gracefulStop: 30s)

     ✓ response ok

     checks.........................: 100.00% ✓ 59  ✗ 0  
     data_received..................: 98 kB   1.6 kB/s
     data_sent......................: 22 kB   357 B/s
     http_req_blocked...............: avg=1.52ms   min=0s     med=1µs     max=180.16ms p(90)=1µs     p(95)=1µs     
     http_req_connecting............: avg=99.82µs  min=0s     med=0s      max=11.77ms  p(90)=0s      p(95)=0s      
   ✓ http_req_duration..............: avg=11.84ms  min=6.22ms med=10.31ms max=20.04ms  p(90)=18.12ms p(95)=18.61ms 
       { expected_response:true }...: avg=11.84ms  min=6.22ms med=10.31ms max=20.04ms  p(90)=18.12ms p(95)=18.61ms 
     http_req_failed................: 0.00%   ✓ 0   ✗ 118
     http_req_receiving.............: avg=249.82µs min=49µs   med=183.5µs max=3.79ms   p(90)=229.3µs p(95)=517.64µs
     http_req_sending...............: avg=230.22µs min=32µs   med=193.5µs max=478µs    p(90)=403.3µs p(95)=440.75µs
     http_req_tls_handshaking.......: avg=1.41ms   min=0s     med=0s      max=167.12ms p(90)=0s      p(95)=0s      
     http_req_waiting...............: avg=11.36ms  min=5.96ms med=9.88ms  max=18.88ms  p(90)=17.48ms p(95)=17.99ms 
     http_reqs......................: 118     1.944912/s
     iteration_duration.............: avg=1.02s    min=1.01s  med=1.02s   max=1.2s     p(90)=1.02s   p(95)=1.02s   
     iterations.....................: 59      0.972456/s
     vus............................: 1       min=1 max=1
     vus_max........................: 1       min=1 max=1

