
          /\      |‾‾| /‾‾/   /‾‾/   
     /\  /  \     |  |/  /   /  /    
    /  \/    \    |     (   /   ‾‾\  
   /          \   |  |\  \ |  (‾)  | 
  / __________ \  |__| \__\ \_____/ .io

  execution: local
     script: ./check/main_load.js
     output: -

  scenarios: (100.00%) 1 scenario, 184 max VUs, 6m40s max duration (incl. graceful stop):
           * default: Up to 184 looping VUs for 6m10s over 5 stages (gracefulRampDown: 30s, gracefulStop: 30s)

     ✓ response ok

     checks.........................: 100.00% ✓ 13005     ✗ 0    
     data_received..................: 21 MB   58 kB/s
     data_sent......................: 3.9 MB  10 kB/s
     http_req_blocked...............: avg=114.35µs min=131ns   med=1.05µs   max=37.37ms  p(90)=1.15µs   p(95)=1.18µs  
     http_req_connecting............: avg=27.26µs  min=0s      med=0s       max=24.93ms  p(90)=0s       p(95)=0s      
   ✗ http_req_duration..............: avg=911.35ms min=3.61ms  med=32.22ms  max=7.27s    p(90)=3.7s     p(95)=3.73s   
       { expected_response:true }...: avg=911.35ms min=3.61ms  med=32.22ms  max=7.27s    p(90)=3.7s     p(95)=3.73s   
     http_req_failed................: 0.00%   ✓ 0         ✗ 26010
     http_req_receiving.............: avg=116.11µs min=11.2µs  med=92.96µs  max=226.98ms p(90)=144.87µs p(95)=241.76µs
     http_req_sending...............: avg=103.04µs min=17.08µs med=118.34µs max=3.72ms   p(90)=155.45µs p(95)=170.36µs
     http_req_tls_handshaking.......: avg=84.62µs  min=0s      med=0s       max=23.58ms  p(90)=0s       p(95)=0s      
     http_req_waiting...............: avg=911.13ms min=3.56ms  med=32.01ms  max=7.27s    p(90)=3.7s     p(95)=3.73s   
     http_reqs......................: 26010   70.191467/s
     iteration_duration.............: avg=2.82s    min=1.03s   med=2.31s    max=8.27s    p(90)=4.74s    p(95)=4.76s   
     iterations.....................: 13005   35.095733/s
     vus............................: 6       min=1       max=184
     vus_max........................: 184     min=184     max=184

