
          /\      |‾‾| /‾‾/   /‾‾/   
     /\  /  \     |  |/  /   /  /    
    /  \/    \    |     (   /   ‾‾\  
   /          \   |  |\  \ |  (‾)  | 
  / __________ \  |__| \__\ \_____/ .io

  execution: local
     script: ./check/main_smoke.js
     output: -

  scenarios: (100.00%) 1 scenario, 1 max VUs, 1m30s max duration (incl. graceful stop):
           * default: 1 looping VUs for 1m0s (gracefulStop: 30s)

     ✓ response ok

     checks.........................: 100.00% ✓ 59  ✗ 0  
     data_received..................: 97 kB   1.6 kB/s
     data_sent......................: 22 kB   358 B/s
     http_req_blocked...............: avg=1.82ms   min=0s     med=1µs    max=214.97ms p(90)=1µs      p(95)=1µs     
     http_req_connecting............: avg=138.16µs min=0s     med=0s     max=16.3ms   p(90)=0s       p(95)=0s      
   ✓ http_req_duration..............: avg=10.86ms  min=5.17ms med=9.38ms max=113.21ms p(90)=14.76ms  p(95)=18.83ms 
       { expected_response:true }...: avg=10.86ms  min=5.17ms med=9.38ms max=113.21ms p(90)=14.76ms  p(95)=18.83ms 
     http_req_failed................: 0.00%   ✓ 0   ✗ 118
     http_req_receiving.............: avg=157.76µs min=58µs   med=132µs  max=1.72ms   p(90)=204.59µs p(95)=235.59µs
     http_req_sending...............: avg=189.88µs min=43µs   med=143µs  max=756µs    p(90)=367.09µs p(95)=459.99µs
     http_req_tls_handshaking.......: avg=1.67ms   min=0s     med=0s     max=197.31ms p(90)=0s       p(95)=0s      
     http_req_waiting...............: avg=10.51ms  min=4.95ms med=8.94ms max=112.97ms p(90)=14.19ms  p(95)=18.53ms 
     http_reqs......................: 118     1.947952/s
     iteration_duration.............: avg=1.02s    min=1.01s  med=1.01s  max=1.24s    p(90)=1.02s    p(95)=1.04s   
     iterations.....................: 59      0.973976/s
     vus............................: 1       min=1 max=1
     vus_max........................: 1       min=1 max=1

