
          /\      |‾‾| /‾‾/   /‾‾/   
     /\  /  \     |  |/  /   /  /    
    /  \/    \    |     (   /   ‾‾\  
   /          \   |  |\  \ |  (‾)  | 
  / __________ \  |__| \__\ \_____/ .io

  execution: local
     script: ./check/main_stress.js
     output: -

  scenarios: (100.00%) 1 scenario, 184 max VUs, 11m40s max duration (incl. graceful stop):
           * default: Up to 184 looping VUs for 11m10s over 3 stages (gracefulRampDown: 30s, gracefulStop: 30s)

     ✓ response ok

     checks.........................: 100.00% ✓ 111186 ✗ 0     
     data_received..................: 173 MB  258 kB/s
     data_sent......................: 40 MB   60 kB/s
     http_req_blocked...............: avg=40.99µs  min=0s     med=0s      max=178.08ms p(90)=1µs     p(95)=1µs     
     http_req_connecting............: avg=10.25µs  min=0s     med=0s      max=50.57ms  p(90)=0s      p(95)=0s      
   ✓ http_req_duration..............: avg=25.49ms  min=4.46ms med=11.71ms max=491.94ms p(90)=55.27ms p(95)=103.28ms
       { expected_response:true }...: avg=25.49ms  min=4.46ms med=11.71ms max=491.94ms p(90)=55.27ms p(95)=103.28ms
     http_req_failed................: 0.00%   ✓ 0      ✗ 222372
     http_req_receiving.............: avg=207.39µs min=26µs   med=80µs    max=237.17ms p(90)=311µs   p(95)=746µs   
     http_req_sending...............: avg=96.08µs  min=20µs   med=78µs    max=11.09ms  p(90)=170µs   p(95)=218µs   
     http_req_tls_handshaking.......: avg=29.98µs  min=0s     med=0s      max=172.03ms p(90)=0s      p(95)=0s      
     http_req_waiting...............: avg=25.18ms  min=2.56ms med=11.4ms  max=491.66ms p(90)=54.84ms p(95)=102.84ms
     http_reqs......................: 222372  331.513721/s
     iteration_duration.............: avg=1.05s    min=1.01s  med=1.02s   max=1.63s    p(90)=1.11s   p(95)=1.2s    
     iterations.....................: 111186  165.75686/s
     vus............................: 8       min=4    max=184 
     vus_max........................: 184     min=184  max=184 

