          /\      |‾‾| /‾‾/   /‾‾/
     /\  /  \     |  |/  /   /  /
    /  \/    \    |     (   /   ‾‾\
   /          \   |  |\  \ |  (‾)  |
  / __________ \  |__| \__\ \_____/ .io

  execution: local
     script: k6/stress.js
     output: -

  scenarios: (100.00%) 1 scenario, 400 max VUs, 1m50s max duration (incl. graceful stop):
           * default: Up to 400 looping VUs for 1m20s over 10 stages (gracefulRampDown: 30s, gracefulStop: 30s)


running (1m22.9s), 000/400 VUs, 6179 complete and 0 interrupted iterations
default ✓ [======================================] 000/400 VUs  1m20s

     ✓ found path

     checks.........................: 100.00% ✓ 6179      ✗ 0
     data_received..................: 2.2 MB  26 kB/s
     data_sent......................: 643 kB  7.7 kB/s
     http_req_blocked...............: avg=60.3µs  min=1µs     med=5µs   max=15.12ms p(90)=47µs  p(95)=372µs
     http_req_connecting............: avg=25.61µs min=0s      med=0s    max=9.35ms  p(90)=0s    p(95)=248.09µs
   ✗ http_req_duration..............: avg=1.72s   min=16.99ms med=1.31s max=13.62s  p(90)=3.21s p(95)=5.83s
       { expected_response:true }...: avg=1.72s   min=16.99ms med=1.31s max=13.62s  p(90)=3.21s p(95)=5.83s
     http_req_failed................: 0.00%   ✓ 0         ✗ 6179
     http_req_receiving.............: avg=225.8µs min=21µs    med=133µs max=20.84ms p(90)=310µs p(95)=574.59µs
     http_req_sending...............: avg=75.27µs min=7µs     med=28µs  max=9.59ms  p(90)=92µs  p(95)=155µs
     http_req_tls_handshaking.......: avg=0s      min=0s      med=0s    max=0s      p(90)=0s    p(95)=0s
     http_req_waiting...............: avg=1.72s   min=16.87ms med=1.31s max=13.62s  p(90)=3.21s p(95)=5.83s
     http_reqs......................: 6179    74.510665/s
     iteration_duration.............: avg=2.72s   min=1.01s   med=2.31s max=14.63s  p(90)=4.21s p(95)=6.83s
     iterations.....................: 6179    74.510665/s
     vus............................: 5       min=5       max=400
     vus_max........................: 400     min=400     max=400
