k6 run --out influxdb=http://localhost:8086/myk6db load.js

          /\      |‾‾| /‾‾/   /‾‾/
     /\  /  \     |  |/  /   /  /
    /  \/    \    |     (   /   ‾‾\
   /          \   |  |\  \ |  (‾)  |
  / __________ \  |__| \__\ \_____/ .io

  execution: local
     script: load.js
     output: InfluxDBv1 (http://localhost:8086)

  scenarios: (100.00%) 1 scenario, 207 max VUs, 3m30s max duration (incl. graceful stop):
           * default: Up to 207 looping VUs for 3m0s over 7 stages (gracefulRampDown: 30s, gracefulStop: 30s)


running (3m00.3s), 000/207 VUs, 18374 complete and 0 interrupted iterations
default ↓ [======================================] 003/207 VUs  3m0s

     ✓ status is 200

     checks.........................: 100.00% ✓ 55122      ✗ 0
     data_received..................: 59 MB   326 kB/s
     data_sent......................: 2.5 MB  14 kB/s
     http_req_blocked...............: avg=22.98µs  min=137ns    med=312ns   max=60.66ms p(90)=432ns    p(95)=504ns
     http_req_connecting............: avg=4.4µs    min=0s       med=0s      max=6.78ms  p(90)=0s       p(95)=0s
   ✓ http_req_duration..............: avg=18.97ms  min=1.87ms   med=3.26ms  max=4.53s   p(90)=66.46ms  p(95)=106.3ms
       { expected_response:true }...: avg=18.97ms  min=1.87ms   med=3.26ms  max=4.53s   p(90)=66.46ms  p(95)=106.3ms
     http_req_failed................: 0.00%   ✓ 0          ✗ 55122
     http_req_receiving.............: avg=120.25µs min=10.78µs  med=29.63µs max=31.14ms p(90)=125.41µs p(95)=247.37µs
     http_req_sending...............: avg=46.68µs  min=14.15µs  med=28.81µs max=32.94ms p(90)=58.81µs  p(95)=79.23µs
     http_req_tls_handshaking.......: avg=17.06µs  min=0s       med=0s      max=22.47ms p(90)=0s       p(95)=0s
     http_req_waiting...............: avg=18.81ms  min=835.99µs med=3.18ms  max=4.53s   p(90)=65.9ms   p(95)=105.75ms
     http_reqs......................: 55122   305.759198/s
     iteration_duration.............: avg=1.05s    min=1s       med=1.01s   max=6s      p(90)=1.2s     p(95)=1.32s
     iterations.....................: 18374   101.919733/s
     vus............................: 3       min=3        max=207
     vus_max........................: 207     min=207      max=207