
          /\      |‾‾| /‾‾/   /‾‾/
     /\  /  \     |  |/  /   /  /
    /  \/    \    |     (   /   ‾‾\
   /          \   |  |\  \ |  (‾)  |
  / __________ \  |__| \__\ \_____/ .io

  execution: local
     script: scenario_stress.js
     output: -

  scenarios: (100.00%) 1 scenario, 250 max VUs, 4m10s max duration (incl. graceful stop):
           * default: Up to 250 looping VUs for 3m40s over 6 stages (gracefulRampDown: 30s, gracefulStop: 30s)

running (3m41.0s), 000/250 VUs, 94231 complete and 0 interrupted iterations
default ✓ [======================================] 000/250 VUs  3m40s

     ✗ logged in successfully
      ↳  38% — ✓ 35882 / ✗ 58349
     ✓ find path ok
     ✓ favorite created
     ✓ favorite deleted

     checks.........................: 71.09% ✓ 143528     ✗ 58349
     data_received..................: 67 MB  303 kB/s
     data_sent......................: 17 MB  76 kB/s
     http_req_blocked...............: avg=54.57µs min=0s      med=0s       max=1.03s    p(90)=1µs     p(95)=1µs
     http_req_connecting............: avg=24.21µs min=0s      med=0s       max=1s       p(90)=0s      p(95)=0s
   ✓ http_req_duration..............: avg=13.32ms min=0s      med=11.26ms  max=1.9s     p(90)=20.75ms p(95)=25.78ms
       { expected_response:true }...: avg=18.74ms min=5.24ms  med=14.03ms  max=1.9s     p(90)=23.03ms p(95)=29.17ms
     http_req_failed................: 28.90% ✓ 58349      ✗ 143528
     http_req_receiving.............: avg=29.65µs min=0s      med=24µs     max=15.76ms  p(90)=49µs    p(95)=64µs
     http_req_sending...............: avg=70.99µs min=0s      med=62µs     max=16.37ms  p(90)=144µs   p(95)=181µs
     http_req_tls_handshaking.......: avg=29.62µs min=0s      med=0s       max=156.91ms p(90)=0s      p(95)=0s
     http_req_waiting...............: avg=13.22ms min=0s      med=11.1ms   max=1.9s     p(90)=20.6ms  p(95)=25.64ms
     http_reqs......................: 201877 913.604181/s
     iteration_duration.............: avg=409.9ms min=35.16µs med=260.41µs max=4.15s    p(90)=1.06s   p(95)=1.07s
     iterations.....................: 94231  426.446973/s
     vus............................: 12     min=4        max=249
     vus_max........................: 250    min=250      max=250
