
          /\      |‾‾| /‾‾/   /‾‾/
     /\  /  \     |  |/  /   /  /
    /  \/    \    |     (   /   ‾‾\
   /          \   |  |\  \ |  (‾)  |
  / __________ \  |__| \__\ \_____/ .io

  execution: local
     script: scenario_load.js
     output: -

  scenarios: (100.00%) 1 scenario, 70 max VUs, 12m40s max duration (incl. graceful stop):
           * default: Up to 70 looping VUs for 12m10s over 5 stages (gracefulRampDown: 30s, gracefulStop: 30s)


running (12m14.2s), 00/70 VUs, 7138 complete and 0 interrupted iterations
default ✓ [======================================] 00/70 VUs  12m10s

     ✓ logged in successfully
     ✓ find path ok
     ✓ favorite created
     ✓ favorite deleted

     checks.........................: 100.00% ✓ 28552     ✗ 0
     data_received..................: 15 MB   21 kB/s
     data_sent......................: 7.8 MB  11 kB/s
     http_req_blocked...............: avg=78.69µs  min=0s    med=4µs      max=43.33ms p(90)=9µs    p(95)=11µs
     http_req_connecting............: avg=18.97µs  min=0s    med=0s       max=17.22ms p(90)=0s     p(95)=0s
   ✗ http_req_duration..............: avg=950.3ms  min=118µs med=198.57ms max=11.04s  p(90)=3.62s  p(95)=5.49s
       { expected_response:true }...: avg=950.3ms  min=118µs med=198.57ms max=11.04s  p(90)=3.62s  p(95)=5.49s
     http_req_failed................: 0.00%   ✓ 0         ✗ 28552
     http_req_receiving.............: avg=69.56µs  min=11µs  med=60µs     max=1.43ms  p(90)=125µs  p(95)=150µs
     http_req_sending...............: avg=29.29µs  min=4µs   med=26µs     max=496µs   p(90)=50µs   p(95)=59µs
     http_req_tls_handshaking.......: avg=53.84µs  min=0s    med=0s       max=27.83ms p(90)=0s     p(95)=0s
     http_req_waiting...............: avg=950.21ms min=0s    med=198.48ms max=11.04s  p(90)=3.62s  p(95)=5.49s
     http_reqs......................: 28552   38.888783/s
     iteration_duration.............: avg=4.8s     min=1.1s  med=2.06s    max=25.66s  p(90)=17.98s p(95)=18.7s
     iterations.....................: 7138    9.722196/s
     vus............................: 5       min=1       max=70
     vus_max........................: 70      min=70      max=70
