
          /\      |‾‾| /‾‾/   /‾‾/
     /\  /  \     |  |/  /   /  /
    /  \/    \    |     (   /   ‾‾\
   /          \   |  |\  \ |  (‾)  |
  / __________ \  |__| \__\ \_____/ .io

  execution: local
     script: load.js
     output: InfluxDBv1 (http://localhost:8086)

  scenarios: (100.00%) 1 scenario, 207 max VUs, 3m30s max duration (incl. graceful stop):
           * default: Up to 207 looping VUs for 3m0s over 7 stages (gracefulRampDown: 30s, gracefulStop: 30s)


running (3m00.6s), 000/207 VUs, 4169 complete and 0 interrupted iterations
default ↓ [======================================] 002/207 VUs  3m0s

     ✓ status is < 500

     checks.........................: 100.00% ✓ 12507     ✗ 0
     data_received..................: 15 MB   85 kB/s
     data_sent......................: 761 kB  4.2 kB/s
     http_req_blocked...............: avg=74.89µs  min=155ns   med=319ns   max=16.7ms  p(90)=554ns    p(95)=635ns
     http_req_connecting............: avg=10.46µs  min=0s      med=0s      max=4.09ms  p(90)=0s       p(95)=0s
   ✗ http_req_duration..............: avg=1.24s    min=1.32ms  med=2.53ms  max=14.29s  p(90)=6.51s    p(95)=7.47s
       { expected_response:true }...: avg=1.24s    min=1.32ms  med=2.53ms  max=14.29s  p(90)=6.51s    p(95)=7.47s
     http_req_failed................: 0.00%   ✓ 0         ✗ 12507
     http_req_receiving.............: avg=137.78µs min=15.39µs med=55.33µs max=41.9ms  p(90)=149.08µs p(95)=272.77µs
     http_req_sending...............: avg=52.09µs  min=16.76µs med=40.52µs max=3.89ms  p(90)=76.13µs  p(95)=98.7µs
     http_req_tls_handshaking.......: avg=61.08µs  min=0s      med=0s      max=13.48ms p(90)=0s       p(95)=0s
     http_req_waiting...............: avg=1.24s    min=1.25ms  med=2.39ms  max=14.29s  p(90)=6.51s    p(95)=7.47s
     http_reqs......................: 12507   69.266914/s
     iteration_duration.............: avg=4.74s    min=1s      med=3.18s   max=15.3s   p(90)=8.61s    p(95)=8.86s
     iterations.....................: 4169    23.088971/s
     vus............................: 2       min=2       max=207
     vus_max........................: 207     min=207     max=207

ERRO[0183] some thresholds have failed