
          /\      |‾‾| /‾‾/   /‾‾/
     /\  /  \     |  |/  /   /  /
    /  \/    \    |     (   /   ‾‾\
   /          \   |  |\  \ |  (‾)  |
  / __________ \  |__| \__\ \_____/ .io

  execution: local
     script: stress.js
     output: InfluxDBv1 (http://localhost:8086)

  scenarios: (100.00%) 1 scenario, 850 max VUs, 4m30s max duration (incl. graceful stop):
           * default: Up to 850 looping VUs for 4m0s over 8 stages (gracefulRampDown: 30s, gracefulStop: 30s)

WARN[0221] Request Failed                                error="Get \"https://soongjamm-infra-web.p-e.kr/paths/?source=33&target=140\": request timeout"
WARN[0221] Request Failed                                error="Get \"https://soongjamm-infra-web.p-e.kr/paths/?source=83&target=13\": request timeout"
WARN[0221] Request Failed                                error="Get \"https://soongjamm-infra-web.p-e.kr/paths/?source=5&target=493\": request timeout"
WARN[0221] Request Failed                                error="Get \"https://soongjamm-infra-web.p-e.kr/paths/?source=10&target=150\": request timeout"
WARN[0222] Request Failed                                error="Get \"https://soongjamm-infra-web.p-e.kr/paths/?source=78&target=158\": request timeout"
WARN[0222] Request Failed                                error="Get \"https://soongjamm-infra-web.p-e.kr/paths/?source=63&target=104\": request timeout"
WARN[0222] Request Failed                                error="Get \"https://soongjamm-infra-web.p-e.kr/paths/?source=79&target=20\": request timeout"
WARN[0222] Request Failed                                error="Get \"https://soongjamm-infra-web.p-e.kr/paths/?source=84&target=273\": request timeout"
WARN[0222] Request Failed                                error="Get \"https://soongjamm-infra-web.p-e.kr/paths/?source=60&target=422\": request timeout"
WARN[0222] Request Failed                                error="Get \"https://soongjamm-infra-web.p-e.kr/paths/?source=37&target=379\": request timeout"
WARN[0222] Request Failed                                error="Get \"https://soongjamm-infra-web.p-e.kr/paths/?source=81&target=377\": request timeout"
WARN[0222] Request Failed                                error="Get \"https://soongjamm-infra-web.p-e.kr/paths/?source=69&target=471\": request timeout"
WARN[0222] Request Failed                                error="Get \"https://soongjamm-infra-web.p-e.kr/paths/?source=30&target=92\": request timeout"
WARN[0222] Request Failed                                error="Get \"https://soongjamm-infra-web.p-e.kr/paths/?source=95&target=374\": request timeout"
WARN[0222] Request Failed                                error="request timeout"
WARN[0222] Request Failed                                error="Get \"https://soongjamm-infra-web.p-e.kr/paths/?source=21&target=337\": request timeout"
WARN[0222] Request Failed                                error="Get \"https://soongjamm-infra-web.p-e.kr/paths/?source=82&target=294\": request timeout"
WARN[0222] Request Failed                                error="Get \"https://soongjamm-infra-web.p-e.kr/paths/?source=96&target=141\": request timeout"
WARN[0222] Request Failed                                error="Get \"https://soongjamm-infra-web.p-e.kr/paths/?source=53&target=37\": request timeout"
WARN[0222] Request Failed                                error="Get \"https://soongjamm-infra-web.p-e.kr/paths/?source=37&target=453\": request timeout"
WARN[0222] Request Failed                                error="Get \"https://soongjamm-infra-web.p-e.kr/paths/?source=39&target=197\": request timeout"
WARN[0222] Request Failed                                error="Get \"https://soongjamm-infra-web.p-e.kr/paths/?source=48&target=200\": request timeout"
WARN[0222] Request Failed                                error="Get \"https://soongjamm-infra-web.p-e.kr/paths/?source=13&target=133\": request timeout"
WARN[0222] Request Failed                                error="Get \"https://soongjamm-infra-web.p-e.kr/paths/?source=82&target=204\": request timeout"
WARN[0222] Request Failed                                error="Get \"https://soongjamm-infra-web.p-e.kr/paths/?source=24&target=444\": request timeout"
WARN[0222] Request Failed                                error="Get \"https://soongjamm-infra-web.p-e.kr/paths/?source=20&target=25\": request timeout"
WARN[0222] Request Failed                                error="request timeout"
WARN[0222] Request Failed                                error="request timeout"
WARN[0222] Request Failed                                error="Get \"https://soongjamm-infra-web.p-e.kr/paths/?source=56&target=486\": request timeout"
WARN[0222] Request Failed                                error="request timeout"
WARN[0223] Request Failed                                error="request timeout"
WARN[0223] Request Failed                                error="Get \"https://soongjamm-infra-web.p-e.kr/paths/?source=4&target=502\": request timeout"
WARN[0223] Request Failed                                error="Get \"https://soongjamm-infra-web.p-e.kr/paths/?source=67&target=367\": request timeout"
WARN[0223] Request Failed                                error="Get \"https://soongjamm-infra-web.p-e.kr/paths/?source=67&target=348\": request timeout"
WARN[0223] Request Failed                                error="request timeout"
WARN[0223] Request Failed                                error="Get \"https://soongjamm-infra-web.p-e.kr/paths/?source=92&target=154\": request timeout"
WARN[0223] Request Failed                                error="Get \"https://soongjamm-infra-web.p-e.kr/paths/?source=40&target=156\": request timeout"
WARN[0223] Request Failed                                error="Get \"https://soongjamm-infra-web.p-e.kr/paths/?source=26&target=299\": request timeout"
WARN[0223] Request Failed                                error="Get \"https://soongjamm-infra-web.p-e.kr/paths/?source=31&target=388\": request timeout"
WARN[0223] Request Failed                                error="Get \"https://soongjamm-infra-web.p-e.kr/paths/?source=41&target=370\": request timeout"
WARN[0223] Request Failed                                error="Get \"https://soongjamm-infra-web.p-e.kr/paths/?source=11&target=440\": request timeout"
WARN[0223] Request Failed                                error="Get \"https://soongjamm-infra-web.p-e.kr/paths/?source=96&target=299\": request timeout"
WARN[0223] Request Failed                                error="Get \"https://soongjamm-infra-web.p-e.kr/paths/?source=4&target=76\": request timeout"
WARN[0223] Request Failed                                error="Get \"https://soongjamm-infra-web.p-e.kr/paths/?source=78&target=284\": request timeout"
WARN[0223] Request Failed                                error="Get \"https://soongjamm-infra-web.p-e.kr/paths/?source=62&target=296\": request timeout"
WARN[0223] Request Failed                                error="Get \"https://soongjamm-infra-web.p-e.kr/paths/?source=44&target=436\": request timeout"
WARN[0223] Request Failed                                error="Get \"https://soongjamm-infra-web.p-e.kr/paths/?source=99&target=423\": request timeout"
WARN[0223] Request Failed                                error="Get \"https://soongjamm-infra-web.p-e.kr/paths/?source=41&target=458\": request timeout"
WARN[0223] Request Failed                                error="Get \"https://soongjamm-infra-web.p-e.kr/paths/?source=25&target=270\": request timeout"
WARN[0223] Request Failed                                error="request timeout"
WARN[0223] Request Failed                                error="Get \"https://soongjamm-infra-web.p-e.kr/paths/?source=42&target=402\": request timeout"
WARN[0223] Request Failed                                error="Get \"https://soongjamm-infra-web.p-e.kr/paths/?source=78&target=287\": request timeout"
WARN[0224] Request Failed                                error="Get \"https://soongjamm-infra-web.p-e.kr/paths/?source=42&target=361\": request timeout"
WARN[0224] Request Failed                                error="Get \"https://soongjamm-infra-web.p-e.kr/paths/?source=77&target=410\": request timeout"
WARN[0224] Request Failed                                error="Get \"https://soongjamm-infra-web.p-e.kr/paths/?source=20&target=449\": request timeout"
WARN[0224] Request Failed                                error="request timeout"
WARN[0224] Request Failed                                error="request timeout"
WARN[0224] Request Failed                                error="Get \"https://soongjamm-infra-web.p-e.kr/paths/?source=23&target=315\": request timeout"
WARN[0224] Request Failed                                error="Get \"https://soongjamm-infra-web.p-e.kr/paths/?source=33&target=446\": request timeout"
WARN[0224] Request Failed                                error="Get \"https://soongjamm-infra-web.p-e.kr/paths/?source=89&target=344\": request timeout"
WARN[0224] Request Failed                                error="Get \"https://soongjamm-infra-web.p-e.kr/paths/?source=99&target=344\": request timeout"
WARN[0225] Request Failed                                error="Get \"https://soongjamm-infra-web.p-e.kr/paths/?source=99&target=173\": request timeout"
WARN[0225] Request Failed                                error="Get \"https://soongjamm-infra-web.p-e.kr/paths/?source=15&target=395\": request timeout"
WARN[0226] Request Failed                                error="request timeout"
WARN[0226] Request Failed                                error="request timeout"
WARN[0226] Request Failed                                error="request timeout"
WARN[0226] Request Failed                                error="Get \"https://soongjamm-infra-web.p-e.kr/paths/?source=18&target=264\": request timeout"
WARN[0226] Request Failed                                error="Get \"https://soongjamm-infra-web.p-e.kr/paths/?source=50&target=180\": request timeout"
WARN[0226] Request Failed                                error="Get \"https://soongjamm-infra-web.p-e.kr/paths/?source=52&target=69\": request timeout"
WARN[0227] Request Failed                                error="Get \"https://soongjamm-infra-web.p-e.kr/paths/?source=73&target=234\": request timeout"
WARN[0227] Request Failed                                error="Get \"https://soongjamm-infra-web.p-e.kr/paths/?source=86&target=500\": request timeout"
WARN[0227] Request Failed                                error="Get \"https://soongjamm-infra-web.p-e.kr/paths/?source=95&target=256\": request timeout"
WARN[0227] Request Failed                                error="Get \"https://soongjamm-infra-web.p-e.kr/paths/?source=43&target=469\": request timeout"
WARN[0227] Request Failed                                error="Get \"https://soongjamm-infra-web.p-e.kr/paths/?source=88&target=190\": request timeout"
WARN[0227] Request Failed                                error="Get \"https://soongjamm-infra-web.p-e.kr/paths/?source=94&target=393\": request timeout"
WARN[0227] Request Failed                                error="Get \"https://soongjamm-infra-web.p-e.kr/paths/?source=25&target=90\": request timeout"
WARN[0227] Request Failed                                error="Get \"https://soongjamm-infra-web.p-e.kr/paths/?source=45&target=223\": request timeout"
WARN[0227] Request Failed                                error="Get \"https://soongjamm-infra-web.p-e.kr/paths/?source=52&target=25\": request timeout"
WARN[0227] Request Failed                                error="Get \"https://soongjamm-infra-web.p-e.kr/paths/?source=77&target=28\": request timeout"
WARN[0227] Request Failed                                error="request timeout"
WARN[0227] Request Failed                                error="Get \"https://soongjamm-infra-web.p-e.kr/paths/?source=21&target=191\": request timeout"
WARN[0227] Request Failed                                error="Get \"https://soongjamm-infra-web.p-e.kr/paths/?source=4&target=124\": request timeout"
WARN[0227] Request Failed                                error="request timeout"
WARN[0227] Request Failed                                error="Get \"https://soongjamm-infra-web.p-e.kr/paths/?source=45&target=172\": request timeout"
WARN[0227] Request Failed                                error="request timeout"
WARN[0227] Request Failed                                error="Get \"https://soongjamm-infra-web.p-e.kr/paths/?source=18&target=161\": request timeout"
WARN[0227] Request Failed                                error="Get \"https://soongjamm-infra-web.p-e.kr/paths/?source=25&target=346\": request timeout"
WARN[0227] Request Failed                                error="Get \"https://soongjamm-infra-web.p-e.kr/paths/?source=28&target=266\": request timeout"
WARN[0227] Request Failed                                error="Get \"https://soongjamm-infra-web.p-e.kr/paths/?source=28&target=419\": request timeout"
WARN[0227] Request Failed                                error="request timeout"
WARN[0227] Request Failed                                error="request timeout"
WARN[0227] Request Failed                                error="Get \"https://soongjamm-infra-web.p-e.kr/paths/?source=88&target=340\": request timeout"
WARN[0228] Request Failed                                error="Get \"https://soongjamm-infra-web.p-e.kr/paths/?source=79&target=254\": request timeout"
WARN[0228] Request Failed                                error="Get \"https://soongjamm-infra-web.p-e.kr/paths/?source=90&target=225\": request timeout"
WARN[0228] Request Failed                                error="Get \"https://soongjamm-infra-web.p-e.kr/paths/?source=30&target=120\": request timeout"
WARN[0228] Request Failed                                error="Get \"https://soongjamm-infra-web.p-e.kr/paths/?source=52&target=110\": request timeout"
WARN[0228] Request Failed                                error="request timeout"
WARN[0228] Request Failed                                error="Get \"https://soongjamm-infra-web.p-e.kr/paths/?source=72&target=67\": request timeout"
WARN[0228] Request Failed                                error="Get \"https://soongjamm-infra-web.p-e.kr/paths/?source=85&target=183\": request timeout"
WARN[0228] Request Failed                                error="Get \"https://soongjamm-infra-web.p-e.kr/paths/?source=74&target=337\": request timeout"
WARN[0228] Request Failed                                error="Get \"https://soongjamm-infra-web.p-e.kr/paths/?source=82&target=220\": request timeout"
WARN[0228] Request Failed                                error="Get \"https://soongjamm-infra-web.p-e.kr/paths/?source=37&target=430\": request timeout"
WARN[0228] Request Failed                                error="Get \"https://soongjamm-infra-web.p-e.kr/paths/?source=54&target=166\": request timeout"
WARN[0228] Request Failed                                error="request timeout"
WARN[0228] Request Failed                                error="Get \"https://soongjamm-infra-web.p-e.kr/paths/?source=31&target=394\": request timeout"
WARN[0228] Request Failed                                error="Get \"https://soongjamm-infra-web.p-e.kr/paths/?source=64&target=370\": request timeout"
WARN[0228] Request Failed                                error="Get \"https://soongjamm-infra-web.p-e.kr/paths/?source=102&target=30\": request timeout"
WARN[0228] Request Failed                                error="Get \"https://soongjamm-infra-web.p-e.kr/paths/?source=95&target=450\": request timeout"
WARN[0228] Request Failed                                error="request timeout"
WARN[0228] Request Failed                                error="Get \"https://soongjamm-infra-web.p-e.kr/paths/?source=59&target=385\": request timeout"
WARN[0228] Request Failed                                error="Get \"https://soongjamm-infra-web.p-e.kr/paths/?source=37&target=274\": request timeout"
WARN[0228] Request Failed                                error="Get \"https://soongjamm-infra-web.p-e.kr/paths/?source=29&target=302\": request timeout"
WARN[0228] Request Failed                                error="Get \"https://soongjamm-infra-web.p-e.kr/paths/?source=27&target=460\": request timeout"
WARN[0228] Request Failed                                error="Get \"https://soongjamm-infra-web.p-e.kr/paths/?source=24&target=301\": request timeout"
WARN[0229] Request Failed                                error="Get \"https://soongjamm-infra-web.p-e.kr/paths/?source=9&target=70\": request timeout"
WARN[0229] Request Failed                                error="request timeout"
WARN[0229] Request Failed                                error="request timeout"
WARN[0229] Request Failed                                error="Get \"https://soongjamm-infra-web.p-e.kr/paths/?source=91&target=358\": request timeout"
WARN[0229] Request Failed                                error="Get \"https://soongjamm-infra-web.p-e.kr/paths/?source=92&target=407\": request timeout"
WARN[0229] Request Failed                                error="Get \"https://soongjamm-infra-web.p-e.kr/paths/?source=21&target=64\": request timeout"
WARN[0229] Request Failed                                error="Get \"https://soongjamm-infra-web.p-e.kr/paths/?source=8&target=320\": request timeout"
WARN[0229] Request Failed                                error="Get \"https://soongjamm-infra-web.p-e.kr/paths/?source=16&target=363\": request timeout"
WARN[0229] Request Failed                                error="Get \"https://soongjamm-infra-web.p-e.kr/paths/?source=76&target=130\": request timeout"
WARN[0229] Request Failed                                error="Get \"https://soongjamm-infra-web.p-e.kr/paths/?source=67&target=112\": request timeout"
WARN[0229] Request Failed                                error="Get \"https://soongjamm-infra-web.p-e.kr/paths/?source=9&target=167\": request timeout"
WARN[0229] Request Failed                                error="Get \"https://soongjamm-infra-web.p-e.kr/paths/?source=39&target=375\": request timeout"
WARN[0230] Request Failed                                error="Get \"https://soongjamm-infra-web.p-e.kr/paths/?source=60&target=331\": request timeout"
WARN[0230] Request Failed                                error="Get \"https://soongjamm-infra-web.p-e.kr/paths/?source=43&target=311\": request timeout"
WARN[0230] Request Failed                                error="Get \"https://soongjamm-infra-web.p-e.kr/paths/?source=89&target=437\": request timeout"
WARN[0230] Request Failed                                error="Get \"https://soongjamm-infra-web.p-e.kr/paths/?source=84&target=94\": request timeout"
WARN[0230] Request Failed                                error="Get \"https://soongjamm-infra-web.p-e.kr/paths/?source=47&target=162\": request timeout"
WARN[0230] Request Failed                                error="Get \"https://soongjamm-infra-web.p-e.kr/paths/?source=89&target=404\": request timeout"
WARN[0230] Request Failed                                error="Get \"https://soongjamm-infra-web.p-e.kr/paths/?source=99&target=42\": request timeout"
WARN[0230] Request Failed                                error="request timeout"
WARN[0230] Request Failed                                error="request timeout"
WARN[0230] Request Failed                                error="Get \"https://soongjamm-infra-web.p-e.kr/paths/?source=90&target=156\": request timeout"
WARN[0230] Request Failed                                error="Get \"https://soongjamm-infra-web.p-e.kr/paths/?source=49&target=309\": request timeout"
WARN[0230] Request Failed                                error="request timeout"
WARN[0230] Request Failed                                error="request timeout"
WARN[0230] Request Failed                                error="Get \"https://soongjamm-infra-web.p-e.kr/paths/?source=51&target=431\": request timeout"
WARN[0230] Request Failed                                error="Get \"https://soongjamm-infra-web.p-e.kr/paths/?source=82&target=139\": request timeout"
WARN[0230] Request Failed                                error="request timeout"
WARN[0230] Request Failed                                error="Get \"https://soongjamm-infra-web.p-e.kr/paths/?source=29&target=4\": request timeout"
WARN[0230] Request Failed                                error="Get \"https://soongjamm-infra-web.p-e.kr/paths/?source=24&target=22\": request timeout"
WARN[0230] Request Failed                                error="Get \"https://soongjamm-infra-web.p-e.kr/paths/?source=28&target=466\": request timeout"
WARN[0230] Request Failed                                error="Get \"https://soongjamm-infra-web.p-e.kr/paths/?source=96&target=263\": request timeout"
WARN[0230] Request Failed                                error="Get \"https://soongjamm-infra-web.p-e.kr/paths/?source=27&target=261\": request timeout"
WARN[0230] Request Failed                                error="Get \"https://soongjamm-infra-web.p-e.kr/paths/?source=57&target=117\": request timeout"
WARN[0230] Request Failed                                error="Get \"https://soongjamm-infra-web.p-e.kr/paths/?source=56&target=353\": request timeout"
WARN[0230] Request Failed                                error="Get \"https://soongjamm-infra-web.p-e.kr/paths/?source=53&target=136\": request timeout"
WARN[0230] Request Failed                                error="request timeout"
WARN[0230] Request Failed                                error="Get \"https://soongjamm-infra-web.p-e.kr/paths/?source=70&target=392\": request timeout"
WARN[0230] Request Failed                                error="request timeout"
WARN[0231] Request Failed                                error="Get \"https://soongjamm-infra-web.p-e.kr/paths/?source=53&target=190\": request timeout"
WARN[0231] Request Failed                                error="Get \"https://soongjamm-infra-web.p-e.kr/paths/?source=14&target=332\": request timeout"
WARN[0232] Request Failed                                error="Get \"https://soongjamm-infra-web.p-e.kr/paths/?source=69&target=219\": request timeout"
WARN[0232] Request Failed                                error="Get \"https://soongjamm-infra-web.p-e.kr/paths/?source=7&target=192\": request timeout"
WARN[0232] Request Failed                                error="Get \"https://soongjamm-infra-web.p-e.kr/paths/?source=16&target=249\": request timeout"
WARN[0232] Request Failed                                error="Get \"https://soongjamm-infra-web.p-e.kr/paths/?source=28&target=425\": request timeout"
WARN[0232] Request Failed                                error="Get \"https://soongjamm-infra-web.p-e.kr/paths/?source=80&target=218\": request timeout"
WARN[0232] Request Failed                                error="Get \"https://soongjamm-infra-web.p-e.kr/paths/?source=28&target=308\": request timeout"
WARN[0232] Request Failed                                error="request timeout"
WARN[0232] Request Failed                                error="Get \"https://soongjamm-infra-web.p-e.kr/paths/?source=74&target=49\": request timeout"
WARN[0232] Request Failed                                error="Get \"https://soongjamm-infra-web.p-e.kr/paths/?source=51&target=113\": request timeout"
WARN[0232] Request Failed                                error="Get \"https://soongjamm-infra-web.p-e.kr/paths/?source=22&target=436\": request timeout"
WARN[0232] Request Failed                                error="request timeout"
WARN[0232] Request Failed                                error="request timeout"
WARN[0232] Request Failed                                error="Get \"https://soongjamm-infra-web.p-e.kr/paths/?source=73&target=489\": request timeout"
WARN[0232] Request Failed                                error="request timeout"
WARN[0233] Request Failed                                error="Get \"https://soongjamm-infra-web.p-e.kr/paths/?source=42&target=362\": request timeout"
WARN[0233] Request Failed                                error="Get \"https://soongjamm-infra-web.p-e.kr/paths/?source=19&target=310\": request timeout"
WARN[0233] Request Failed                                error="Get \"https://soongjamm-infra-web.p-e.kr/paths/?source=72&target=500\": request timeout"
WARN[0233] Request Failed                                error="request timeout"
WARN[0233] Request Failed                                error="Get \"https://soongjamm-infra-web.p-e.kr/paths/?source=27&target=308\": request timeout"
WARN[0233] Request Failed                                error="Get \"https://soongjamm-infra-web.p-e.kr/paths/?source=41&target=63\": request timeout"
WARN[0233] Request Failed                                error="Get \"https://soongjamm-infra-web.p-e.kr/paths/?source=83&target=486\": request timeout"
WARN[0233] Request Failed                                error="Get \"https://soongjamm-infra-web.p-e.kr/paths/?source=43&target=484\": request timeout"
WARN[0233] Request Failed                                error="Get \"https://soongjamm-infra-web.p-e.kr/paths/?source=31&target=258\": request timeout"
WARN[0233] Request Failed                                error="Get \"https://soongjamm-infra-web.p-e.kr/paths/?source=68&target=70\": request timeout"
WARN[0233] Request Failed                                error="request timeout"
WARN[0233] Request Failed                                error="Get \"https://soongjamm-infra-web.p-e.kr/paths/?source=32&target=399\": request timeout"
WARN[0233] Request Failed                                error="Get \"https://soongjamm-infra-web.p-e.kr/paths/?source=36&target=188\": request timeout"
WARN[0233] Request Failed                                error="Get \"https://soongjamm-infra-web.p-e.kr/paths/?source=51&target=227\": request timeout"
WARN[0233] Request Failed                                error="request timeout"
WARN[0233] Request Failed                                error="Get \"https://soongjamm-infra-web.p-e.kr/paths/?source=47&target=65\": request timeout"
WARN[0233] Request Failed                                error="Get \"https://soongjamm-infra-web.p-e.kr/paths/?source=90&target=39\": request timeout"
WARN[0233] Request Failed                                error="Get \"https://soongjamm-infra-web.p-e.kr/paths/?source=22&target=318\": request timeout"
WARN[0233] Request Failed                                error="Get \"https://soongjamm-infra-web.p-e.kr/paths/?source=46&target=390\": request timeout"
WARN[0233] Request Failed                                error="Get \"https://soongjamm-infra-web.p-e.kr/paths/?source=74&target=312\": request timeout"
WARN[0233] Request Failed                                error="request timeout"
WARN[0233] Request Failed                                error="request timeout"
WARN[0233] Request Failed                                error="Get \"https://soongjamm-infra-web.p-e.kr/paths/?source=32&target=461\": request timeout"
WARN[0233] Request Failed                                error="Get \"https://soongjamm-infra-web.p-e.kr/paths/?source=59&target=325\": request timeout"
WARN[0233] Request Failed                                error="Get \"https://soongjamm-infra-web.p-e.kr/paths/?source=55&target=190\": request timeout"
WARN[0234] Request Failed                                error="request timeout"
WARN[0234] Request Failed                                error="Get \"https://soongjamm-infra-web.p-e.kr/paths/?source=68&target=386\": request timeout"
WARN[0234] Request Failed                                error="Get \"https://soongjamm-infra-web.p-e.kr/paths/?source=51&target=379\": request timeout"
WARN[0234] Request Failed                                error="Get \"https://soongjamm-infra-web.p-e.kr/paths/?source=89&target=241\": request timeout"
WARN[0234] Request Failed                                error="Get \"https://soongjamm-infra-web.p-e.kr/paths/?source=40&target=129\": request timeout"
WARN[0234] Request Failed                                error="Get \"https://soongjamm-infra-web.p-e.kr/paths/?source=52&target=158\": request timeout"
WARN[0234] Request Failed                                error="Get \"https://soongjamm-infra-web.p-e.kr/paths/?source=66&target=299\": request timeout"
WARN[0234] Request Failed                                error="Get \"https://soongjamm-infra-web.p-e.kr/paths/?source=95&target=224\": request timeout"
WARN[0234] Request Failed                                error="Get \"https://soongjamm-infra-web.p-e.kr/paths/?source=15&target=169\": request timeout"
WARN[0234] Request Failed                                error="request timeout"
WARN[0234] Request Failed                                error="Get \"https://soongjamm-infra-web.p-e.kr/paths/?source=20&target=364\": request timeout"
WARN[0234] Request Failed                                error="Get \"https://soongjamm-infra-web.p-e.kr/paths/?source=16&target=219\": request timeout"
WARN[0234] Request Failed                                error="Get \"https://soongjamm-infra-web.p-e.kr/paths/?source=54&target=479\": request timeout"
WARN[0234] Request Failed                                error="Get \"https://soongjamm-infra-web.p-e.kr/paths/?source=68&target=355\": request timeout"
WARN[0234] Request Failed                                error="Get \"https://soongjamm-infra-web.p-e.kr/paths/?source=84&target=25\": request timeout"
WARN[0234] Request Failed                                error="request timeout"
WARN[0234] Request Failed                                error="Get \"https://soongjamm-infra-web.p-e.kr/paths/?source=97&target=146\": request timeout"
WARN[0235] Request Failed                                error="Get \"https://soongjamm-infra-web.p-e.kr/paths/?source=39&target=396\": request timeout"
WARN[0235] Request Failed                                error="Get \"https://soongjamm-infra-web.p-e.kr/paths/?source=44&target=286\": request timeout"
WARN[0235] Request Failed                                error="Get \"https://soongjamm-infra-web.p-e.kr/paths/?source=80&target=11\": request timeout"
WARN[0235] Request Failed                                error="Get \"https://soongjamm-infra-web.p-e.kr/paths/?source=73&target=263\": request timeout"
WARN[0235] Request Failed                                error="request timeout"
WARN[0235] Request Failed                                error="request timeout"
WARN[0235] Request Failed                                error="Get \"https://soongjamm-infra-web.p-e.kr/paths/?source=76&target=47\": request timeout"
WARN[0235] Request Failed                                error="request timeout"
WARN[0235] Request Failed                                error="Get \"https://soongjamm-infra-web.p-e.kr/paths/?source=6&target=113\": request timeout"
WARN[0235] Request Failed                                error="Get \"https://soongjamm-infra-web.p-e.kr/paths/?source=59&target=237\": request timeout"
WARN[0235] Request Failed                                error="Get \"https://soongjamm-infra-web.p-e.kr/paths/?source=77&target=317\": request timeout"
WARN[0235] Request Failed                                error="request timeout"
WARN[0235] Request Failed                                error="request timeout"
WARN[0235] Request Failed                                error="Get \"https://soongjamm-infra-web.p-e.kr/paths/?source=47&target=138\": request timeout"
WARN[0235] Request Failed                                error="Get \"https://soongjamm-infra-web.p-e.kr/paths/?source=14&target=109\": request timeout"
WARN[0235] Request Failed                                error="request timeout"
WARN[0235] Request Failed                                error="request timeout"
WARN[0235] Request Failed                                error="Get \"https://soongjamm-infra-web.p-e.kr/paths/?source=21&target=365\": request timeout"
WARN[0236] Request Failed                                error="Get \"https://soongjamm-infra-web.p-e.kr/paths/?source=9&target=21\": request timeout"
WARN[0236] Request Failed                                error="Get \"https://soongjamm-infra-web.p-e.kr/paths/?source=23&target=441\": request timeout"
WARN[0236] Request Failed                                error="Get \"https://soongjamm-infra-web.p-e.kr/paths/?source=52&target=79\": request timeout"
WARN[0236] Request Failed                                error="Get \"https://soongjamm-infra-web.p-e.kr/paths/?source=54&target=116\": request timeout"
WARN[0236] Request Failed                                error="Get \"https://soongjamm-infra-web.p-e.kr/paths/?source=23&target=200\": request timeout"
WARN[0237] Request Failed                                error="Get \"https://soongjamm-infra-web.p-e.kr/paths/?source=28&target=162\": request timeout"
WARN[0237] Request Failed                                error="Get \"https://soongjamm-infra-web.p-e.kr/paths/?source=30&target=365\": request timeout"
WARN[0237] Request Failed                                error="Get \"https://soongjamm-infra-web.p-e.kr/paths/?source=43&target=265\": request timeout"
WARN[0237] Request Failed                                error="request timeout"
WARN[0238] Request Failed                                error="Get \"https://soongjamm-infra-web.p-e.kr/paths/?source=72&target=412\": request timeout"
WARN[0238] Request Failed                                error="Get \"https://soongjamm-infra-web.p-e.kr/paths/?source=3&target=278\": request timeout"
WARN[0238] Request Failed                                error="request timeout"
WARN[0238] Request Failed                                error="request timeout"
WARN[0238] Request Failed                                error="Get \"https://soongjamm-infra-web.p-e.kr/paths/?source=44&target=496\": request timeout"
WARN[0238] Request Failed                                error="Get \"https://soongjamm-infra-web.p-e.kr/paths/?source=102&target=255\": request timeout"
WARN[0239] Request Failed                                error="Get \"https://soongjamm-infra-web.p-e.kr/paths/?source=100&target=252\": request timeout"
WARN[0240] Request Failed                                error="Get \"https://soongjamm-infra-web.p-e.kr/paths/?source=19&target=260\": request timeout"
WARN[0240] Request Failed                                error="Get \"https://soongjamm-infra-web.p-e.kr/paths/?source=69&target=500\": request timeout"
WARN[0240] Request Failed                                error="Get \"https://soongjamm-infra-web.p-e.kr/paths/?source=94&target=38\": request timeout"
WARN[0240] Request Failed                                error="Get \"https://soongjamm-infra-web.p-e.kr/paths/?source=12&target=298\": request timeout"
WARN[0240] Request Failed                                error="Get \"https://soongjamm-infra-web.p-e.kr/paths/?source=31&target=142\": request timeout"
WARN[0241] Request Failed                                error="Get \"https://soongjamm-infra-web.p-e.kr/paths/?source=95&target=282\": request timeout"
WARN[0241] Request Failed                                error="request timeout"
WARN[0241] Request Failed                                error="request timeout"
WARN[0241] Request Failed                                error="Get \"https://soongjamm-infra-web.p-e.kr/paths/?source=35&target=330\": request timeout"
WARN[0241] Request Failed                                error="Get \"https://soongjamm-infra-web.p-e.kr/paths/?source=29&target=47\": request timeout"
WARN[0241] Request Failed                                error="Get \"https://soongjamm-infra-web.p-e.kr/paths/?source=53&target=113\": request timeout"
WARN[0242] Request Failed                                error="Get \"https://soongjamm-infra-web.p-e.kr/paths/?source=66&target=157\": request timeout"
WARN[0242] Request Failed                                error="Get \"https://soongjamm-infra-web.p-e.kr/paths/?source=53&target=275\": request timeout"
WARN[0242] Request Failed                                error="request timeout"
WARN[0242] Request Failed                                error="Get \"https://soongjamm-infra-web.p-e.kr/paths/?source=51&target=487\": request timeout"
WARN[0242] Request Failed                                error="Get \"https://soongjamm-infra-web.p-e.kr/paths/?source=52&target=497\": request timeout"
WARN[0242] Request Failed                                error="Get \"https://soongjamm-infra-web.p-e.kr/paths/?source=63&target=84\": request timeout"
WARN[0243] Request Failed                                error="Get \"https://soongjamm-infra-web.p-e.kr/paths/?source=79&target=385\": request timeout"
WARN[0243] Request Failed                                error="request timeout"
WARN[0243] Request Failed                                error="Get \"https://soongjamm-infra-web.p-e.kr/paths/?source=37&target=329\": request timeout"
WARN[0243] Request Failed                                error="request timeout"
WARN[0243] Request Failed                                error="Get \"https://soongjamm-infra-web.p-e.kr/paths/?source=56&target=112\": request timeout"
WARN[0243] Request Failed                                error="request timeout"
WARN[0243] Request Failed                                error="Get \"https://soongjamm-infra-web.p-e.kr/paths/?source=55&target=185\": request timeout"
WARN[0243] Request Failed                                error="Get \"https://soongjamm-infra-web.p-e.kr/paths/?source=10&target=491\": request timeout"
WARN[0243] Request Failed                                error="Get \"https://soongjamm-infra-web.p-e.kr/paths/?source=101&target=463\": request timeout"
WARN[0243] Request Failed                                error="Get \"https://soongjamm-infra-web.p-e.kr/paths/?source=28&target=20\": request timeout"
WARN[0243] Request Failed                                error="Get \"https://soongjamm-infra-web.p-e.kr/paths/?source=35&target=338\": request timeout"
WARN[0243] Request Failed                                error="Get \"https://soongjamm-infra-web.p-e.kr/paths/?source=40&target=311\": request timeout"
WARN[0243] Request Failed                                error="Get \"https://soongjamm-infra-web.p-e.kr/path\": request timeout"
WARN[0244] Request Failed                                error="Get \"https://soongjamm-infra-web.p-e.kr/paths/?source=32&target=43\": request timeout"
WARN[0244] Request Failed                                error="Get \"https://soongjamm-infra-web.p-e.kr/paths/?source=19&target=460\": request timeout"
WARN[0244] Request Failed                                error="Get \"https://soongjamm-infra-web.p-e.kr/paths/?source=46&target=357\": request timeout"
WARN[0244] Request Failed                                error="request timeout"
WARN[0244] Request Failed                                error="Get \"https://soongjamm-infra-web.p-e.kr/paths/?source=97&target=403\": request timeout"
WARN[0244] Request Failed                                error="Get \"https://soongjamm-infra-web.p-e.kr/paths/?source=35&target=124\": request timeout"
WARN[0245] Request Failed                                error="Get \"https://soongjamm-infra-web.p-e.kr/paths/?source=91&target=437\": request timeout"
WARN[0245] Request Failed                                error="Get \"https://soongjamm-infra-web.p-e.kr/paths/?source=84&target=320\": request timeout"
WARN[0245] Request Failed                                error="Get \"https://soongjamm-infra-web.p-e.kr/paths/?source=49&target=397\": request timeout"
WARN[0245] Request Failed                                error="request timeout"
WARN[0245] Request Failed                                error="Get \"https://soongjamm-infra-web.p-e.kr/path\": request timeout"
WARN[0245] Request Failed                                error="Get \"https://soongjamm-infra-web.p-e.kr/paths/?source=27&target=201\": request timeout"
WARN[0245] Request Failed                                error="Get \"https://soongjamm-infra-web.p-e.kr/paths/?source=47&target=219\": request timeout"
WARN[0245] Request Failed                                error="Get \"https://soongjamm-infra-web.p-e.kr/paths/?source=49&target=368\": request timeout"
WARN[0245] Request Failed                                error="request timeout"
WARN[0245] Request Failed                                error="Get \"https://soongjamm-infra-web.p-e.kr/paths/?source=58&target=325\": request timeout"
WARN[0245] Request Failed                                error="Get \"https://soongjamm-infra-web.p-e.kr/paths/?source=16&target=105\": request timeout"
WARN[0246] Request Failed                                error="Get \"https://soongjamm-infra-web.p-e.kr/paths/?source=65&target=175\": request timeout"
WARN[0246] Request Failed                                error="Get \"https://soongjamm-infra-web.p-e.kr/paths/?source=36&target=259\": request timeout"
WARN[0246] Request Failed                                error="Get \"https://soongjamm-infra-web.p-e.kr/paths/?source=73&target=139\": request timeout"
WARN[0246] Request Failed                                error="Get \"https://soongjamm-infra-web.p-e.kr/paths/?source=9&target=350\": request timeout"
WARN[0246] Request Failed                                error="Get \"https://soongjamm-infra-web.p-e.kr/paths/?source=10&target=444\": request timeout"
WARN[0246] Request Failed                                error="Get \"https://soongjamm-infra-web.p-e.kr\": request timeout"
WARN[0246] Request Failed                                error="Get \"https://soongjamm-infra-web.p-e.kr/path\": request timeout"
WARN[0246] Request Failed                                error="Get \"https://soongjamm-infra-web.p-e.kr/paths/?source=48&target=243\": request timeout"
WARN[0246] Request Failed                                error="Get \"https://soongjamm-infra-web.p-e.kr/path\": request timeout"
WARN[0247] Request Failed                                error="Get \"https://soongjamm-infra-web.p-e.kr/paths/?source=20&target=238\": request timeout"
WARN[0247] Request Failed                                error="request timeout"
WARN[0247] Request Failed                                error="Get \"https://soongjamm-infra-web.p-e.kr/paths/?source=7&target=352\": request timeout"
WARN[0247] Request Failed                                error="Get \"https://soongjamm-infra-web.p-e.kr/path\": request timeout"
WARN[0247] Request Failed                                error="Get \"https://soongjamm-infra-web.p-e.kr\": request timeout"
WARN[0247] Request Failed                                error="Get \"https://soongjamm-infra-web.p-e.kr/path\": request timeout"
WARN[0247] Request Failed                                error="Get \"https://soongjamm-infra-web.p-e.kr\": request timeout"
WARN[0247] Request Failed                                error="Get \"https://soongjamm-infra-web.p-e.kr\": request timeout"
WARN[0248] Request Failed                                error="Get \"https://soongjamm-infra-web.p-e.kr/path\": request timeout"
WARN[0248] Request Failed                                error="Get \"https://soongjamm-infra-web.p-e.kr/paths/?source=93&target=359\": request timeout"
WARN[0248] Request Failed                                error="Get \"https://soongjamm-infra-web.p-e.kr/paths/?source=49&target=260\": request timeout"
WARN[0248] Request Failed                                error="Get \"https://soongjamm-infra-web.p-e.kr/path\": request timeout"
WARN[0248] Request Failed                                error="Get \"https://soongjamm-infra-web.p-e.kr/paths/?source=61&target=102\": request timeout"
WARN[0248] Request Failed                                error="request timeout"
WARN[0248] Request Failed                                error="Get \"https://soongjamm-infra-web.p-e.kr/paths/?source=30&target=281\": request timeout"
WARN[0248] Request Failed                                error="Get \"https://soongjamm-infra-web.p-e.kr/paths/?source=89&target=25\": request timeout"
WARN[0248] Request Failed                                error="Get \"https://soongjamm-infra-web.p-e.kr/paths/?source=86&target=371\": request timeout"
WARN[0248] Request Failed                                error="Get \"https://soongjamm-infra-web.p-e.kr/paths/?source=54&target=280\": request timeout"
WARN[0248] Request Failed                                error="Get \"https://soongjamm-infra-web.p-e.kr/paths/?source=71&target=31\": request timeout"
WARN[0248] Request Failed                                error="request timeout"
WARN[0248] Request Failed                                error="request timeout"
WARN[0248] Request Failed                                error="Get \"https://soongjamm-infra-web.p-e.kr/paths/?source=12&target=102\": request timeout"
WARN[0248] Request Failed                                error="Get \"https://soongjamm-infra-web.p-e.kr/paths/?source=11&target=249\": request timeout"
WARN[0248] Request Failed                                error="request timeout"
WARN[0248] Request Failed                                error="Get \"https://soongjamm-infra-web.p-e.kr/paths/?source=66&target=455\": request timeout"
WARN[0249] Request Failed                                error="Get \"https://soongjamm-infra-web.p-e.kr/paths/?source=93&target=393\": request timeout"
WARN[0249] Request Failed                                error="Get \"https://soongjamm-infra-web.p-e.kr/paths/?source=29&target=72\": request timeout"
WARN[0249] Request Failed                                error="request timeout"
WARN[0249] Request Failed                                error="Get \"https://soongjamm-infra-web.p-e.kr/paths/?source=25&target=456\": request timeout"
WARN[0249] Request Failed                                error="Get \"https://soongjamm-infra-web.p-e.kr/paths/?source=17&target=406\": request timeout"
WARN[0249] Request Failed                                error="Get \"https://soongjamm-infra-web.p-e.kr/paths/?source=73&target=391\": request timeout"
WARN[0249] Request Failed                                error="Get \"https://soongjamm-infra-web.p-e.kr/paths/?source=29&target=297\": request timeout"
WARN[0249] Request Failed                                error="request timeout"
WARN[0250] Request Failed                                error="request timeout"
WARN[0250] Request Failed                                error="Get \"https://soongjamm-infra-web.p-e.kr/path\": request timeout"
WARN[0250] Request Failed                                error="Get \"https://soongjamm-infra-web.p-e.kr\": request timeout"
WARN[0250] Request Failed                                error="Get \"https://soongjamm-infra-web.p-e.kr/paths/?source=38&target=129\": request timeout"
WARN[0250] Request Failed                                error="Get \"https://soongjamm-infra-web.p-e.kr\": request timeout"
WARN[0250] Request Failed                                error="Get \"https://soongjamm-infra-web.p-e.kr\": request timeout"
WARN[0250] Request Failed                                error="Get \"https://soongjamm-infra-web.p-e.kr/path\": request timeout"
WARN[0250] Request Failed                                error="request timeout"
WARN[0250] Request Failed                                error="Get \"https://soongjamm-infra-web.p-e.kr/paths/?source=49&target=153\": request timeout"
WARN[0251] Request Failed                                error="request timeout"
WARN[0251] Request Failed                                error="Get \"https://soongjamm-infra-web.p-e.kr/paths/?source=10&target=146\": request timeout"
WARN[0251] Request Failed                                error="Get \"https://soongjamm-infra-web.p-e.kr/paths/?source=90&target=288\": request timeout"
WARN[0251] Request Failed                                error="Get \"https://soongjamm-infra-web.p-e.kr/paths/?source=38&target=461\": request timeout"
WARN[0251] Request Failed                                error="Get \"https://soongjamm-infra-web.p-e.kr\": request timeout"
WARN[0251] Request Failed                                error="Get \"https://soongjamm-infra-web.p-e.kr/paths/?source=50&target=145\": request timeout"
WARN[0251] Request Failed                                error="Get \"https://soongjamm-infra-web.p-e.kr/paths/?source=84&target=445\": request timeout"
WARN[0251] Request Failed                                error="Get \"https://soongjamm-infra-web.p-e.kr/paths/?source=30&target=387\": request timeout"
WARN[0251] Request Failed                                error="Get \"https://soongjamm-infra-web.p-e.kr/paths/?source=34&target=98\": request timeout"
WARN[0251] Request Failed                                error="Get \"https://soongjamm-infra-web.p-e.kr/paths/?source=74&target=125\": request timeout"
WARN[0251] Request Failed                                error="Get \"https://soongjamm-infra-web.p-e.kr/paths/?source=94&target=276\": request timeout"
WARN[0251] Request Failed                                error="request timeout"
WARN[0251] Request Failed                                error="Get \"https://soongjamm-infra-web.p-e.kr/paths/?source=6&target=211\": request timeout"
WARN[0252] Request Failed                                error="Get \"https://soongjamm-infra-web.p-e.kr/paths/?source=75&target=378\": request timeout"
WARN[0252] Request Failed                                error="Get \"https://soongjamm-infra-web.p-e.kr/paths/?source=72&target=473\": request timeout"
WARN[0252] Request Failed                                error="request timeout"
WARN[0252] Request Failed                                error="Get \"https://soongjamm-infra-web.p-e.kr\": request timeout"
WARN[0253] Request Failed                                error="Get \"https://soongjamm-infra-web.p-e.kr/paths/?source=55&target=210\": request timeout"
WARN[0253] Request Failed                                error="Get \"https://soongjamm-infra-web.p-e.kr\": request timeout"
WARN[0253] Request Failed                                error="Get \"https://soongjamm-infra-web.p-e.kr/paths/?source=80&target=183\": request timeout"
WARN[0253] Request Failed                                error="Get \"https://soongjamm-infra-web.p-e.kr/paths/?source=92&target=213\": request timeout"
WARN[0253] Request Failed                                error="Get \"https://soongjamm-infra-web.p-e.kr/path\": request timeout"
WARN[0253] Request Failed                                error="Get \"https://soongjamm-infra-web.p-e.kr/path\": request timeout"
WARN[0253] Request Failed                                error="Get \"https://soongjamm-infra-web.p-e.kr/paths/?source=5&target=442\": request timeout"
WARN[0253] Request Failed                                error="request timeout"
WARN[0253] Request Failed                                error="Get \"https://soongjamm-infra-web.p-e.kr/paths/?source=88&target=95\": request timeout"
WARN[0253] Request Failed                                error="Get \"https://soongjamm-infra-web.p-e.kr/paths/?source=49&target=12\": request timeout"
WARN[0253] Request Failed                                error="Get \"https://soongjamm-infra-web.p-e.kr/paths/?source=22&target=298\": request timeout"
WARN[0254] Request Failed                                error="Get \"https://soongjamm-infra-web.p-e.kr/paths/?source=94&target=489\": request timeout"
WARN[0254] Request Failed                                error="Get \"https://soongjamm-infra-web.p-e.kr/paths/?source=22&target=422\": request timeout"
WARN[0254] Request Failed                                error="request timeout"
WARN[0254] Request Failed                                error="request timeout"
WARN[0254] Request Failed                                error="Get \"https://soongjamm-infra-web.p-e.kr/paths/?source=94&target=212\": request timeout"
WARN[0254] Request Failed                                error="Get \"https://soongjamm-infra-web.p-e.kr/paths/?source=68&target=443\": request timeout"
WARN[0254] Request Failed                                error="Get \"https://soongjamm-infra-web.p-e.kr/paths/?source=16&target=34\": request timeout"
WARN[0254] Request Failed                                error="Get \"https://soongjamm-infra-web.p-e.kr/paths/?source=42&target=362\": request timeout"
WARN[0254] Request Failed                                error="Get \"https://soongjamm-infra-web.p-e.kr/paths/?source=41&target=465\": request timeout"
WARN[0254] Request Failed                                error="request timeout"
WARN[0254] Request Failed                                error="Get \"https://soongjamm-infra-web.p-e.kr/paths/?source=90&target=411\": request timeout"
WARN[0254] Request Failed                                error="Get \"https://soongjamm-infra-web.p-e.kr/paths/?source=93&target=255\": request timeout"
WARN[0254] Request Failed                                error="Get \"https://soongjamm-infra-web.p-e.kr/paths/?source=52&target=95\": request timeout"
WARN[0255] Request Failed                                error="request timeout"
WARN[0255] Request Failed                                error="Get \"https://soongjamm-infra-web.p-e.kr/paths/?source=30&target=301\": request timeout"
WARN[0255] Request Failed                                error="Get \"https://soongjamm-infra-web.p-e.kr/paths/?source=82&target=426\": request timeout"
WARN[0255] Request Failed                                error="Get \"https://soongjamm-infra-web.p-e.kr/paths/?source=31&target=393\": request timeout"
WARN[0255] Request Failed                                error="Get \"https://soongjamm-infra-web.p-e.kr/paths/?source=16&target=259\": request timeout"
WARN[0255] Request Failed                                error="Get \"https://soongjamm-infra-web.p-e.kr/path\": request timeout"
WARN[0255] Request Failed                                error="Get \"https://soongjamm-infra-web.p-e.kr/paths/?source=29&target=280\": request timeout"
WARN[0255] Request Failed                                error="Get \"https://soongjamm-infra-web.p-e.kr/paths/?source=34&target=415\": request timeout"
WARN[0255] Request Failed                                error="Get \"https://soongjamm-infra-web.p-e.kr/path\": request timeout"
WARN[0256] Request Failed                                error="Get \"https://soongjamm-infra-web.p-e.kr/paths/?source=52&target=362\": request timeout"
WARN[0256] Request Failed                                error="Get \"https://soongjamm-infra-web.p-e.kr\": request timeout"
WARN[0256] Request Failed                                error="Get \"https://soongjamm-infra-web.p-e.kr/path\": request timeout"
WARN[0256] Request Failed                                error="Get \"https://soongjamm-infra-web.p-e.kr\": request timeout"
WARN[0256] Request Failed                                error="Get \"https://soongjamm-infra-web.p-e.kr/paths/?source=18&target=133\": request timeout"
WARN[0256] Request Failed                                error="Get \"https://soongjamm-infra-web.p-e.kr/paths/?source=54&target=435\": request timeout"
WARN[0256] Request Failed                                error="Get \"https://soongjamm-infra-web.p-e.kr/paths/?source=91&target=373\": request timeout"
WARN[0256] Request Failed                                error="Get \"https://soongjamm-infra-web.p-e.kr/paths/?source=57&target=475\": request timeout"
WARN[0256] Request Failed                                error="Get \"https://soongjamm-infra-web.p-e.kr/path\": request timeout"
WARN[0256] Request Failed                                error="Get \"https://soongjamm-infra-web.p-e.kr/paths/?source=101&target=407\": request timeout"
WARN[0256] Request Failed                                error="Get \"https://soongjamm-infra-web.p-e.kr/paths/?source=32&target=330\": request timeout"
WARN[0256] Request Failed                                error="Get \"https://soongjamm-infra-web.p-e.kr/paths/?source=44&target=459\": request timeout"
WARN[0256] Request Failed                                error="Get \"https://soongjamm-infra-web.p-e.kr/paths/?source=56&target=219\": request timeout"
WARN[0257] Request Failed                                error="Get \"https://soongjamm-infra-web.p-e.kr/paths/?source=64&target=321\": request timeout"
WARN[0257] Request Failed                                error="Get \"https://soongjamm-infra-web.p-e.kr\": request timeout"
WARN[0257] Request Failed                                error="Get \"https://soongjamm-infra-web.p-e.kr/paths/?source=22&target=164\": request timeout"
WARN[0257] Request Failed                                error="Get \"https://soongjamm-infra-web.p-e.kr/paths/?source=68&target=345\": request timeout"
WARN[0257] Request Failed                                error="Get \"https://soongjamm-infra-web.p-e.kr/paths/?source=6&target=130\": request timeout"
WARN[0257] Request Failed                                error="Get \"https://soongjamm-infra-web.p-e.kr/paths/?source=84&target=98\": request timeout"
WARN[0257] Request Failed                                error="Get \"https://soongjamm-infra-web.p-e.kr/paths/?source=91&target=61\": request timeout"
WARN[0257] Request Failed                                error="Get \"https://soongjamm-infra-web.p-e.kr/paths/?source=9&target=339\": request timeout"
WARN[0257] Request Failed                                error="request timeout"
WARN[0257] Request Failed                                error="Get \"https://soongjamm-infra-web.p-e.kr/paths/?source=35&target=259\": request timeout"
WARN[0257] Request Failed                                error="Get \"https://soongjamm-infra-web.p-e.kr/paths/?source=4&target=29\": request timeout"
WARN[0257] Request Failed                                error="Get \"https://soongjamm-infra-web.p-e.kr/paths/?source=20&target=248\": request timeout"
WARN[0258] Request Failed                                error="request timeout"
WARN[0258] Request Failed                                error="request timeout"
WARN[0258] Request Failed                                error="Get \"https://soongjamm-infra-web.p-e.kr/paths/?source=29&target=392\": request timeout"
WARN[0258] Request Failed                                error="request timeout"
WARN[0258] Request Failed                                error="Get \"https://soongjamm-infra-web.p-e.kr/path\": request timeout"
WARN[0258] Request Failed                                error="Get \"https://soongjamm-infra-web.p-e.kr/paths/?source=78&target=124\": request timeout"
WARN[0258] Request Failed                                error="Get \"https://soongjamm-infra-web.p-e.kr/paths/?source=61&target=146\": request timeout"
WARN[0258] Request Failed                                error="Get \"https://soongjamm-infra-web.p-e.kr/paths/?source=30&target=420\": request timeout"
WARN[0258] Request Failed                                error="Get \"https://soongjamm-infra-web.p-e.kr/path\": request timeout"
WARN[0259] Request Failed                                error="Get \"https://soongjamm-infra-web.p-e.kr/paths/?source=83&target=11\": request timeout"
WARN[0259] Request Failed                                error="Get \"https://soongjamm-infra-web.p-e.kr/paths/?source=15&target=98\": request timeout"
WARN[0259] Request Failed                                error="Get \"https://soongjamm-infra-web.p-e.kr/paths/?source=40&target=190\": request timeout"
WARN[0259] Request Failed                                error="Get \"https://soongjamm-infra-web.p-e.kr\": request timeout"
WARN[0259] Request Failed                                error="request timeout"
WARN[0259] Request Failed                                error="Get \"https://soongjamm-infra-web.p-e.kr/paths/?source=24&target=22\": request timeout"
WARN[0259] Request Failed                                error="request timeout"
WARN[0259] Request Failed                                error="Get \"https://soongjamm-infra-web.p-e.kr/paths/?source=43&target=336\": request timeout"
WARN[0259] Request Failed                                error="Get \"https://soongjamm-infra-web.p-e.kr/paths/?source=74&target=139\": request timeout"
WARN[0259] Request Failed                                error="Get \"https://soongjamm-infra-web.p-e.kr/paths/?source=54&target=443\": request timeout"
WARN[0259] Request Failed                                error="Get \"https://soongjamm-infra-web.p-e.kr/paths/?source=27&target=325\": request timeout"
WARN[0259] Request Failed                                error="Get \"https://soongjamm-infra-web.p-e.kr/paths/?source=33&target=235\": request timeout"
WARN[0259] Request Failed                                error="Get \"https://soongjamm-infra-web.p-e.kr/paths/?source=12&target=484\": request timeout"
WARN[0260] Request Failed                                error="request timeout"
WARN[0260] Request Failed                                error="Get \"https://soongjamm-infra-web.p-e.kr/paths/?source=57&target=160\": request timeout"
WARN[0260] Request Failed                                error="Get \"https://soongjamm-infra-web.p-e.kr/paths/?source=21&target=399\": request timeout"
WARN[0260] Request Failed                                error="request timeout"
WARN[0260] Request Failed                                error="Get \"https://soongjamm-infra-web.p-e.kr/paths/?source=42&target=293\": request timeout"
WARN[0260] Request Failed                                error="Get \"https://soongjamm-infra-web.p-e.kr/paths/?source=17&target=251\": request timeout"
WARN[0260] Request Failed                                error="Get \"https://soongjamm-infra-web.p-e.kr/paths/?source=47&target=151\": request timeout"
WARN[0260] Request Failed                                error="request timeout"
WARN[0261] Request Failed                                error="Get \"https://soongjamm-infra-web.p-e.kr/paths/?source=37&target=461\": request timeout"
WARN[0261] Request Failed                                error="Get \"https://soongjamm-infra-web.p-e.kr/paths/?source=42&target=226\": request timeout"
WARN[0261] Request Failed                                error="Get \"https://soongjamm-infra-web.p-e.kr/paths/?source=28&target=58\": request timeout"
WARN[0261] Request Failed                                error="Get \"https://soongjamm-infra-web.p-e.kr/paths/?source=42&target=172\": request timeout"
WARN[0261] Request Failed                                error="Get \"https://soongjamm-infra-web.p-e.kr/paths/?source=68&target=110\": request timeout"
WARN[0261] Request Failed                                error="Get \"https://soongjamm-infra-web.p-e.kr/paths/?source=93&target=133\": request timeout"
WARN[0261] Request Failed                                error="Get \"https://soongjamm-infra-web.p-e.kr/paths/?source=75&target=189\": request timeout"
WARN[0261] Request Failed                                error="Get \"https://soongjamm-infra-web.p-e.kr/paths/?source=66&target=498\": request timeout"
WARN[0261] Request Failed                                error="request timeout"
WARN[0262] Request Failed                                error="request timeout"
WARN[0262] Request Failed                                error="Get \"https://soongjamm-infra-web.p-e.kr/paths/?source=48&target=148\": request timeout"
WARN[0262] Request Failed                                error="Get \"https://soongjamm-infra-web.p-e.kr/paths/?source=62&target=207\": request timeout"
WARN[0262] Request Failed                                error="Get \"https://soongjamm-infra-web.p-e.kr/paths/?source=40&target=74\": request timeout"
WARN[0262] Request Failed                                error="Get \"https://soongjamm-infra-web.p-e.kr/path\": request timeout"
WARN[0263] Request Failed                                error="Get \"https://soongjamm-infra-web.p-e.kr\": request timeout"
WARN[0263] Request Failed                                error="Get \"https://soongjamm-infra-web.p-e.kr/path\": request timeout"
WARN[0263] Request Failed                                error="Get \"https://soongjamm-infra-web.p-e.kr/paths/?source=60&target=386\": request timeout"
WARN[0263] Request Failed                                error="request timeout"
WARN[0263] Request Failed                                error="Get \"https://soongjamm-infra-web.p-e.kr/paths/?source=69&target=451\": request timeout"
WARN[0263] Request Failed                                error="request timeout"
WARN[0263] Request Failed                                error="Get \"https://soongjamm-infra-web.p-e.kr\": request timeout"
WARN[0263] Request Failed                                error="request timeout"
WARN[0263] Request Failed                                error="Get \"https://soongjamm-infra-web.p-e.kr/paths/?source=97&target=268\": request timeout"
WARN[0263] Request Failed                                error="Get \"https://soongjamm-infra-web.p-e.kr/paths/?source=22&target=359\": request timeout"
WARN[0263] Request Failed                                error="Get \"https://soongjamm-infra-web.p-e.kr\": request timeout"
WARN[0263] Request Failed                                error="Get \"https://soongjamm-infra-web.p-e.kr/paths/?source=93&target=496\": request timeout"
WARN[0263] Request Failed                                error="Get \"https://soongjamm-infra-web.p-e.kr/paths/?source=93&target=352\": request timeout"
WARN[0263] Request Failed                                error="Get \"https://soongjamm-infra-web.p-e.kr/paths/?source=15&target=390\": request timeout"
WARN[0263] Request Failed                                error="Get \"https://soongjamm-infra-web.p-e.kr/paths/?source=32&target=364\": request timeout"
WARN[0263] Request Failed                                error="Get \"https://soongjamm-infra-web.p-e.kr/paths/?source=63&target=38\": request timeout"
WARN[0263] Request Failed                                error="Get \"https://soongjamm-infra-web.p-e.kr/paths/?source=55&target=450\": request timeout"
WARN[0263] Request Failed                                error="Get \"https://soongjamm-infra-web.p-e.kr/paths/?source=65&target=439\": request timeout"
WARN[0263] Request Failed                                error="request timeout"
WARN[0263] Request Failed                                error="Get \"https://soongjamm-infra-web.p-e.kr/paths/?source=91&target=134\": request timeout"
WARN[0263] Request Failed                                error="request timeout"
WARN[0263] Request Failed                                error="Get \"https://soongjamm-infra-web.p-e.kr/paths/?source=52&target=281\": request timeout"
WARN[0263] Request Failed                                error="Get \"https://soongjamm-infra-web.p-e.kr/paths/?source=79&target=132\": request timeout"
WARN[0263] Request Failed                                error="Get \"https://soongjamm-infra-web.p-e.kr\": request timeout"
WARN[0263] Request Failed                                error="Get \"https://soongjamm-infra-web.p-e.kr/paths/?source=42&target=360\": request timeout"
WARN[0263] Request Failed                                error="Get \"https://soongjamm-infra-web.p-e.kr/paths/?source=33&target=379\": request timeout"
WARN[0264] Request Failed                                error="request timeout"
WARN[0264] Request Failed                                error="Get \"https://soongjamm-infra-web.p-e.kr/paths/?source=20&target=429\": request timeout"
WARN[0264] Request Failed                                error="Get \"https://soongjamm-infra-web.p-e.kr/paths/?source=92&target=75\": request timeout"
WARN[0264] Request Failed                                error="Get \"https://soongjamm-infra-web.p-e.kr\": request timeout"
WARN[0264] Request Failed                                error="Get \"https://soongjamm-infra-web.p-e.kr/path\": request timeout"
WARN[0264] Request Failed                                error="Get \"https://soongjamm-infra-web.p-e.kr/paths/?source=24&target=327\": request timeout"
WARN[0264] Request Failed                                error="Get \"https://soongjamm-infra-web.p-e.kr/path\": request timeout"
WARN[0264] Request Failed                                error="Get \"https://soongjamm-infra-web.p-e.kr/paths/?source=99&target=190\": request timeout"
WARN[0264] Request Failed                                error="Get \"https://soongjamm-infra-web.p-e.kr/path\": request timeout"
WARN[0264] Request Failed                                error="request timeout"
WARN[0264] Request Failed                                error="request timeout"
WARN[0264] Request Failed                                error="request timeout"
WARN[0264] Request Failed                                error="Get \"https://soongjamm-infra-web.p-e.kr/paths/?source=26&target=61\": request timeout"
WARN[0264] Request Failed                                error="Get \"https://soongjamm-infra-web.p-e.kr/path\": request timeout"
WARN[0264] Request Failed                                error="Get \"https://soongjamm-infra-web.p-e.kr/paths/?source=68&target=236\": request timeout"
WARN[0264] Request Failed                                error="request timeout"
WARN[0264] Request Failed                                error="Get \"https://soongjamm-infra-web.p-e.kr/paths/?source=24&target=425\": request timeout"
WARN[0264] Request Failed                                error="Get \"https://soongjamm-infra-web.p-e.kr/paths/?source=97&target=360\": request timeout"
WARN[0264] Request Failed                                error="request timeout"
WARN[0264] Request Failed                                error="Get \"https://soongjamm-infra-web.p-e.kr/paths/?source=40&target=263\": request timeout"
WARN[0264] Request Failed                                error="Get \"https://soongjamm-infra-web.p-e.kr\": request timeout"
WARN[0265] Request Failed                                error="Get \"https://soongjamm-infra-web.p-e.kr/paths/?source=13&target=141\": request timeout"
WARN[0265] Request Failed                                error="Get \"https://soongjamm-infra-web.p-e.kr/paths/?source=44&target=337\": request timeout"
WARN[0265] Request Failed                                error="request timeout"
WARN[0265] Request Failed                                error="Get \"https://soongjamm-infra-web.p-e.kr\": request timeout"
WARN[0265] Request Failed                                error="request timeout"
WARN[0265] Request Failed                                error="Get \"https://soongjamm-infra-web.p-e.kr/paths/?source=82&target=493\": request timeout"
WARN[0265] Request Failed                                error="Get \"https://soongjamm-infra-web.p-e.kr/path\": request timeout"
WARN[0265] Request Failed                                error="Get \"https://soongjamm-infra-web.p-e.kr\": request timeout"
WARN[0265] Request Failed                                error="Get \"https://soongjamm-infra-web.p-e.kr/paths/?source=12&target=338\": request timeout"
WARN[0265] Request Failed                                error="Get \"https://soongjamm-infra-web.p-e.kr/paths/?source=41&target=212\": request timeout"
WARN[0265] Request Failed                                error="Get \"https://soongjamm-infra-web.p-e.kr/paths/?source=18&target=338\": request timeout"
WARN[0265] Request Failed                                error="Get \"https://soongjamm-infra-web.p-e.kr/paths/?source=102&target=24\": request timeout"
WARN[0265] Request Failed                                error="Get \"https://soongjamm-infra-web.p-e.kr/path\": request timeout"
WARN[0265] Request Failed                                error="request timeout"
WARN[0265] Request Failed                                error="Get \"https://soongjamm-infra-web.p-e.kr/path\": request timeout"
WARN[0265] Request Failed                                error="Get \"https://soongjamm-infra-web.p-e.kr/paths/?source=13&target=379\": request timeout"
WARN[0265] Request Failed                                error="Get \"https://soongjamm-infra-web.p-e.kr\": request timeout"
WARN[0265] Request Failed                                error="Get \"https://soongjamm-infra-web.p-e.kr/paths/?source=36&target=188\": request timeout"
WARN[0265] Request Failed                                error="Get \"https://soongjamm-infra-web.p-e.kr\": request timeout"
WARN[0265] Request Failed                                error="Get \"https://soongjamm-infra-web.p-e.kr/paths/?source=4&target=176\": request timeout"
WARN[0266] Request Failed                                error="Get \"https://soongjamm-infra-web.p-e.kr/paths/?source=5&target=427\": request timeout"
WARN[0266] Request Failed                                error="Get \"https://soongjamm-infra-web.p-e.kr/paths/?source=61&target=157\": request timeout"
WARN[0266] Request Failed                                error="Get \"https://soongjamm-infra-web.p-e.kr/paths/?source=69&target=311\": request timeout"
WARN[0266] Request Failed                                error="Get \"https://soongjamm-infra-web.p-e.kr\": request timeout"
WARN[0266] Request Failed                                error="Get \"https://soongjamm-infra-web.p-e.kr/paths/?source=26&target=325\": request timeout"
WARN[0266] Request Failed                                error="Get \"https://soongjamm-infra-web.p-e.kr\": request timeout"
WARN[0266] Request Failed                                error="Get \"https://soongjamm-infra-web.p-e.kr/paths/?source=29&target=209\": request timeout"
WARN[0266] Request Failed                                error="Get \"https://soongjamm-infra-web.p-e.kr/path\": request timeout"
WARN[0267] Request Failed                                error="Get \"https://soongjamm-infra-web.p-e.kr/paths/?source=92&target=308\": request timeout"
WARN[0267] Request Failed                                error="Get \"https://soongjamm-infra-web.p-e.kr/paths/?source=60&target=143\": request timeout"
WARN[0267] Request Failed                                error="Get \"https://soongjamm-infra-web.p-e.kr/paths/?source=83&target=346\": request timeout"
WARN[0267] Request Failed                                error="request timeout"
WARN[0267] Request Failed                                error="request timeout"
WARN[0267] Request Failed                                error="Get \"https://soongjamm-infra-web.p-e.kr/paths/?source=40&target=346\": request timeout"
WARN[0267] Request Failed                                error="Get \"https://soongjamm-infra-web.p-e.kr/paths/?source=8&target=235\": request timeout"
WARN[0267] Request Failed                                error="Get \"https://soongjamm-infra-web.p-e.kr/paths/?source=32&target=214\": request timeout"
WARN[0267] Request Failed                                error="Get \"https://soongjamm-infra-web.p-e.kr/path\": request timeout"
WARN[0268] Request Failed                                error="Get \"https://soongjamm-infra-web.p-e.kr/paths/?source=21&target=288\": request timeout"
WARN[0268] Request Failed                                error="Get \"https://soongjamm-infra-web.p-e.kr/paths/?source=17&target=273\": request timeout"
WARN[0268] Request Failed                                error="Get \"https://soongjamm-infra-web.p-e.kr\": request timeout"
WARN[0268] Request Failed                                error="Get \"https://soongjamm-infra-web.p-e.kr/paths/?source=75&target=475\": request timeout"
WARN[0268] Request Failed                                error="request timeout"
WARN[0269] Request Failed                                error="Get \"https://soongjamm-infra-web.p-e.kr/paths/?source=34&target=81\": request timeout"
WARN[0269] Request Failed                                error="Get \"https://soongjamm-infra-web.p-e.kr/paths/?source=51&target=321\": request timeout"
WARN[0269] Request Failed                                error="Get \"https://soongjamm-infra-web.p-e.kr/paths/?source=31&target=172\": request timeout"
WARN[0269] Request Failed                                error="Get \"https://soongjamm-infra-web.p-e.kr/paths/?source=83&target=252\": request timeout"
WARN[0270] Request Failed                                error="Get \"https://soongjamm-infra-web.p-e.kr/paths/?source=40&target=27\": request timeout"
WARN[0270] Request Failed                                error="Get \"https://soongjamm-infra-web.p-e.kr/paths/?source=75&target=312\": request timeout"
WARN[0270] Request Failed                                error="Get \"https://soongjamm-infra-web.p-e.kr/paths/?source=94&target=474\": request timeout"
WARN[0270] Request Failed                                error="Get \"https://soongjamm-infra-web.p-e.kr/paths/?source=48&target=162\": request timeout"
WARN[0270] Request Failed                                error="Get \"https://soongjamm-infra-web.p-e.kr\": request timeout"
WARN[0270] Request Failed                                error="Get \"https://soongjamm-infra-web.p-e.kr/paths/?source=92&target=267\": request timeout"
WARN[0271] Request Failed                                error="Get \"https://soongjamm-infra-web.p-e.kr/paths/?source=58&target=275\": request timeout"
WARN[0271] Request Failed                                error="request timeout"
WARN[0271] Request Failed                                error="Get \"https://soongjamm-infra-web.p-e.kr/paths/?source=85&target=266\": request timeout"

running (4m30.0s), 000/850 VUs, 10266 complete and 199 interrupted iterations
default ✓ [======================================] 128/850 VUs  4m0s

     ✗ status is < 500
      ↳  99% — ✓ 31057 / ✗ 141

     checks.........................: 99.54% ✓ 31057      ✗ 141
     data_received..................: 39 MB  146 kB/s
     data_sent......................: 2.1 MB 7.9 kB/s
     errors.........................: 141    0.5222/s
     http_req_blocked...............: avg=121.21µs min=154ns   med=342ns   max=31.39ms p(90)=486ns    p(95)=604ns
     http_req_connecting............: avg=18.35µs  min=0s      med=0s      max=13.6ms  p(90)=0s       p(95)=0s
   ✗ http_req_duration..............: avg=4.77s    min=788.4µs med=2.24ms  max=1m0s    p(90)=17.86s   p(95)=20.18s
       { expected_response:true }...: avg=3.49s    min=788.4µs med=2.22ms  max=59.99s  p(90)=13.27s   p(95)=18.76s
     http_req_failed................: 2.25%  ✓ 705        ✗ 30493
     http_req_receiving.............: avg=94.4µs   min=0s      med=58.41µs max=21.76ms p(90)=136.56µs p(95)=200.87µs
     http_req_sending...............: avg=42.5µs   min=16.09µs med=33.62µs max=9.05ms  p(90)=64.05µs  p(95)=82.02µs
     http_req_tls_handshaking.......: avg=97.95µs  min=0s      med=0s      max=16.29ms p(90)=0s       p(95)=0s
     http_req_waiting...............: avg=4.77s    min=61.65µs med=2.12ms  max=1m0s    p(90)=17.86s   p(95)=20.18s
     http_reqs......................: 31198  115.543322/s
     iteration_duration.............: avg=15.17s   min=1s      med=8.32s   max=1m39s   p(90)=34.35s   p(95)=1m1s
     iterations.....................: 10266  38.020634/s
     vus............................: 183    min=20       max=850
     vus_max........................: 850    min=850      max=850

ERRO[0272] some thresholds have failed