
          /\      |‾‾| /‾‾/   /‾‾/
     /\  /  \     |  |/  /   /  /
    /  \/    \    |     (   /   ‾‾\
   /          \   |  |\  \ |  (‾)  |
  / __________ \  |__| \__\ \_____/ .io

  execution: local
     script: smoke.js
     output: InfluxDBv1 (http://localhost:8086)

  scenarios: (100.00%) 1 scenario, 1 max VUs, 40s max duration (incl. graceful stop):
           * default: 1 looping VUs for 10s (gracefulStop: 30s)


running (10.8s), 0/1 VUs, 10 complete and 0 interrupted iterations
default ↓ [======================================] 1 VUs  10s

     ✓ status is < 500

     checks.........................: 100.00% ✓ 30       ✗ 0
     data_received..................: 42 kB   3.9 kB/s
     data_sent......................: 2.2 kB  203 B/s
     http_req_blocked...............: avg=582.42µs min=305ns   med=414ns   max=17.46ms  p(90)=505ns   p(95)=554ns
     http_req_connecting............: avg=27.06µs  min=0s      med=0s      max=811.86µs p(90)=0s      p(95)=0s
   ✓ http_req_duration..............: avg=25.49ms  min=2.98ms  med=3.81ms  max=80.65ms  p(90)=69.55ms p(95)=79.43ms
       { expected_response:true }...: avg=25.49ms  min=2.98ms  med=3.81ms  max=80.65ms  p(90)=69.55ms p(95)=79.43ms
     http_req_failed................: 0.00%   ✓ 0        ✗ 30
     http_req_receiving.............: avg=64.03µs  min=36.84µs med=62.17µs max=120.9µs  p(90)=85.72µs p(95)=107.51µs
     http_req_sending...............: avg=49.33µs  min=22.55µs med=37.64µs max=145.96µs p(90)=80.51µs p(95)=123.03µs
     http_req_tls_handshaking.......: avg=475.56µs min=0s      med=0s      max=14.26ms  p(90)=0s      p(95)=0s
     http_req_waiting...............: avg=25.38ms  min=2.88ms  med=3.7ms   max=80.52ms  p(90)=69.39ms p(95)=79.32ms
     http_reqs......................: 30      2.779345/s
     iteration_duration.............: avg=1.07s    min=1.07s   med=1.07s   max=1.1s     p(90)=1.09s   p(95)=1.09s
     iterations.....................: 10      0.926448/s
     vus............................: 1       min=1      max=1
     vus_max........................: 1       min=1      max=1
